This is pdfTeX, Version 3.14159265-2.6-1.40.18 (TeX Live 2017/Debian) (preloaded format=pdflatex 2018.10.18)  11 JAN 2019 01:04
entering extended mode
 restricted \write18 enabled.
 %&-line parsing enabled.
**DBPresentation_LukasStoeckli_ManuelRickli.tex
(./DBPresentation_LukasStoeckli_ManuelRickli.tex
LaTeX2e <2017-04-15>
Babel <3.18> and hyphenation patterns for 10 language(s) loaded.
(/usr/share/texlive/texmf-dist/tex/latex/beamer/beamer.cls
Document Class: beamer 2018/02/20 v3.50 A class for typesetting presentations
(/usr/share/texlive/texmf-dist/tex/latex/beamer/beamerbasemodes.sty
(/usr/share/texlive/texmf-dist/tex/latex/etoolbox/etoolbox.sty
Package: etoolbox 2018/02/11 v2.5e e-TeX tools for LaTeX (JAW)
\etb@tempcnta=\count79
)
\beamer@tempbox=\box26
\beamer@tempcount=\count80
\c@beamerpauses=\count81

(/usr/share/texlive/texmf-dist/tex/latex/beamer/beamerbasedecode.sty
\beamer@slideinframe=\count82
\beamer@minimum=\count83
)
\beamer@commentbox=\box27
\beamer@modecount=\count84
)
(/usr/share/texlive/texmf-dist/tex/generic/oberdiek/ifpdf.sty
Package: ifpdf 2017/03/15 v3.2 Provides the ifpdf switch
)
\headdp=\dimen102
\footheight=\dimen103
\sidebarheight=\dimen104
\beamer@tempdim=\dimen105
\beamer@finalheight=\dimen106
\beamer@animht=\dimen107
\beamer@animdp=\dimen108
\beamer@animwd=\dimen109
\beamer@leftmargin=\dimen110
\beamer@rightmargin=\dimen111
\beamer@leftsidebar=\dimen112
\beamer@rightsidebar=\dimen113
\beamer@boxsize=\dimen114
\beamer@vboxoffset=\dimen115
\beamer@descdefault=\dimen116
\beamer@descriptionwidth=\dimen117
\beamer@lastskip=\skip41
\beamer@areabox=\box28
\beamer@animcurrent=\box29
\beamer@animshowbox=\box30
\beamer@sectionbox=\box31
\beamer@logobox=\box32
\beamer@linebox=\box33
\beamer@sectioncount=\count85
\beamer@subsubsectionmax=\count86
\beamer@subsectionmax=\count87
\beamer@sectionmax=\count88
\beamer@totalheads=\count89
\beamer@headcounter=\count90
\beamer@partstartpage=\count91
\beamer@sectionstartpage=\count92
\beamer@subsectionstartpage=\count93
\beamer@animationtempa=\count94
\beamer@animationtempb=\count95
\beamer@xpos=\count96
\beamer@ypos=\count97
\beamer@ypos@offset=\count98
\beamer@showpartnumber=\count99
\beamer@currentsubsection=\count100
\beamer@coveringdepth=\count101
\beamer@sectionadjust=\count102
\beamer@tocsectionnumber=\count103

(/usr/share/texlive/texmf-dist/tex/latex/beamer/beamerbaseoptions.sty
(/usr/share/texlive/texmf-dist/tex/latex/graphics/keyval.sty
Package: keyval 2014/10/28 v1.15 key=value parser (DPC)
\KV@toks@=\toks14
))
\beamer@paperwidth=\skip42
\beamer@paperheight=\skip43

(/usr/share/texlive/texmf-dist/tex/latex/geometry/geometry.sty
Package: geometry 2010/09/12 v5.6 Page Geometry

(/usr/share/texlive/texmf-dist/tex/generic/oberdiek/ifvtex.sty
Package: ifvtex 2016/05/16 v1.6 Detect VTeX and its facilities (HO)
Package ifvtex Info: VTeX not detected.
)
(/usr/share/texlive/texmf-dist/tex/generic/ifxetex/ifxetex.sty
Package: ifxetex 2010/09/12 v0.6 Provides ifxetex conditional
)
\Gm@cnth=\count104
\Gm@cntv=\count105
\c@Gm@tempcnt=\count106
\Gm@bindingoffset=\dimen118
\Gm@wd@mp=\dimen119
\Gm@odd@mp=\dimen120
\Gm@even@mp=\dimen121
\Gm@layoutwidth=\dimen122
\Gm@layoutheight=\dimen123
\Gm@layouthoffset=\dimen124
\Gm@layoutvoffset=\dimen125
\Gm@dimlist=\toks15
)
(/usr/share/texlive/texmf-dist/tex/latex/base/size11.clo
File: size11.clo 2014/09/29 v1.4h Standard LaTeX file (size option)
)
(/usr/share/texlive/texmf-dist/tex/latex/pgf/basiclayer/pgfcore.sty
(/usr/share/texlive/texmf-dist/tex/latex/graphics/graphicx.sty
Package: graphicx 2017/06/01 v1.1a Enhanced LaTeX Graphics (DPC,SPQR)

(/usr/share/texlive/texmf-dist/tex/latex/graphics/graphics.sty
Package: graphics 2017/06/25 v1.2c Standard LaTeX Graphics (DPC,SPQR)

(/usr/share/texlive/texmf-dist/tex/latex/graphics/trig.sty
Package: trig 2016/01/03 v1.10 sin cos tan (DPC)
)
(/usr/share/texlive/texmf-dist/tex/latex/graphics-cfg/graphics.cfg
File: graphics.cfg 2016/06/04 v1.11 sample graphics configuration
)
Package graphics Info: Driver file: pdftex.def on input line 99.

(/usr/share/texlive/texmf-dist/tex/latex/graphics-def/pdftex.def
File: pdftex.def 2018/01/08 v1.0l Graphics/color driver for pdftex
))
\Gin@req@height=\dimen126
\Gin@req@width=\dimen127
)
(/usr/share/texlive/texmf-dist/tex/latex/pgf/systemlayer/pgfsys.sty
(/usr/share/texlive/texmf-dist/tex/latex/pgf/utilities/pgfrcs.sty
(/usr/share/texlive/texmf-dist/tex/generic/pgf/utilities/pgfutil-common.tex
\pgfutil@everybye=\toks16
\pgfutil@tempdima=\dimen128
\pgfutil@tempdimb=\dimen129

(/usr/share/texlive/texmf-dist/tex/generic/pgf/utilities/pgfutil-common-lists.t
ex)) (/usr/share/texlive/texmf-dist/tex/generic/pgf/utilities/pgfutil-latex.def
\pgfutil@abb=\box34
(/usr/share/texlive/texmf-dist/tex/latex/ms/everyshi.sty
Package: everyshi 2001/05/15 v3.00 EveryShipout Package (MS)
))
(/usr/share/texlive/texmf-dist/tex/generic/pgf/utilities/pgfrcs.code.tex
Package: pgfrcs 2015/08/07 v3.0.1a (rcs-revision 1.31)
))
(/usr/share/texlive/texmf-dist/tex/generic/pgf/systemlayer/pgfsys.code.tex
Package: pgfsys 2014/07/09 v3.0.1a (rcs-revision 1.48)

(/usr/share/texlive/texmf-dist/tex/generic/pgf/utilities/pgfkeys.code.tex
\pgfkeys@pathtoks=\toks17
\pgfkeys@temptoks=\toks18

(/usr/share/texlive/texmf-dist/tex/generic/pgf/utilities/pgfkeysfiltered.code.t
ex
\pgfkeys@tmptoks=\toks19
))
\pgf@x=\dimen130
\pgf@y=\dimen131
\pgf@xa=\dimen132
\pgf@ya=\dimen133
\pgf@xb=\dimen134
\pgf@yb=\dimen135
\pgf@xc=\dimen136
\pgf@yc=\dimen137
\w@pgf@writea=\write3
\r@pgf@reada=\read1
\c@pgf@counta=\count107
\c@pgf@countb=\count108
\c@pgf@countc=\count109
\c@pgf@countd=\count110
\t@pgf@toka=\toks20
\t@pgf@tokb=\toks21
\t@pgf@tokc=\toks22
 (/usr/share/texlive/texmf-dist/tex/generic/pgf/systemlayer/pgf.cfg
File: pgf.cfg 2008/05/14  (rcs-revision 1.7)
)
Driver file for pgf: pgfsys-pdftex.def

(/usr/share/texlive/texmf-dist/tex/generic/pgf/systemlayer/pgfsys-pdftex.def
File: pgfsys-pdftex.def 2014/10/11  (rcs-revision 1.35)

(/usr/share/texlive/texmf-dist/tex/generic/pgf/systemlayer/pgfsys-common-pdf.de
f
File: pgfsys-common-pdf.def 2013/10/10  (rcs-revision 1.13)
)))
(/usr/share/texlive/texmf-dist/tex/generic/pgf/systemlayer/pgfsyssoftpath.code.
tex
File: pgfsyssoftpath.code.tex 2013/09/09  (rcs-revision 1.9)
\pgfsyssoftpath@smallbuffer@items=\count111
\pgfsyssoftpath@bigbuffer@items=\count112
)
(/usr/share/texlive/texmf-dist/tex/generic/pgf/systemlayer/pgfsysprotocol.code.
tex
File: pgfsysprotocol.code.tex 2006/10/16  (rcs-revision 1.4)
)) (/usr/share/texlive/texmf-dist/tex/latex/xcolor/xcolor.sty
Package: xcolor 2016/05/11 v2.12 LaTeX color extensions (UK)

(/usr/share/texlive/texmf-dist/tex/latex/graphics-cfg/color.cfg
File: color.cfg 2016/01/02 v1.6 sample color configuration
)
Package xcolor Info: Driver file: pdftex.def on input line 225.
Package xcolor Info: Model `cmy' substituted by `cmy0' on input line 1348.
Package xcolor Info: Model `hsb' substituted by `rgb' on input line 1352.
Package xcolor Info: Model `RGB' extended on input line 1364.
Package xcolor Info: Model `HTML' substituted by `rgb' on input line 1366.
Package xcolor Info: Model `Hsb' substituted by `hsb' on input line 1367.
Package xcolor Info: Model `tHsb' substituted by `hsb' on input line 1368.
Package xcolor Info: Model `HSB' substituted by `hsb' on input line 1369.
Package xcolor Info: Model `Gray' substituted by `gray' on input line 1370.
Package xcolor Info: Model `wave' substituted by `hsb' on input line 1371.
)
(/usr/share/texlive/texmf-dist/tex/generic/pgf/basiclayer/pgfcore.code.tex
Package: pgfcore 2010/04/11 v3.0.1a (rcs-revision 1.7)

(/usr/share/texlive/texmf-dist/tex/generic/pgf/math/pgfmath.code.tex
(/usr/share/texlive/texmf-dist/tex/generic/pgf/math/pgfmathcalc.code.tex
(/usr/share/texlive/texmf-dist/tex/generic/pgf/math/pgfmathutil.code.tex)
(/usr/share/texlive/texmf-dist/tex/generic/pgf/math/pgfmathparser.code.tex
\pgfmath@dimen=\dimen138
\pgfmath@count=\count113
\pgfmath@box=\box35
\pgfmath@toks=\toks23
\pgfmath@stack@operand=\toks24
\pgfmath@stack@operation=\toks25
)
(/usr/share/texlive/texmf-dist/tex/generic/pgf/math/pgfmathfunctions.code.tex
(/usr/share/texlive/texmf-dist/tex/generic/pgf/math/pgfmathfunctions.basic.code
.tex)
(/usr/share/texlive/texmf-dist/tex/generic/pgf/math/pgfmathfunctions.trigonomet
ric.code.tex)
(/usr/share/texlive/texmf-dist/tex/generic/pgf/math/pgfmathfunctions.random.cod
e.tex)
(/usr/share/texlive/texmf-dist/tex/generic/pgf/math/pgfmathfunctions.comparison
.code.tex)
(/usr/share/texlive/texmf-dist/tex/generic/pgf/math/pgfmathfunctions.base.code.
tex)
(/usr/share/texlive/texmf-dist/tex/generic/pgf/math/pgfmathfunctions.round.code
.tex)
(/usr/share/texlive/texmf-dist/tex/generic/pgf/math/pgfmathfunctions.misc.code.
tex)
(/usr/share/texlive/texmf-dist/tex/generic/pgf/math/pgfmathfunctions.integerari
thmetics.code.tex)))
(/usr/share/texlive/texmf-dist/tex/generic/pgf/math/pgfmathfloat.code.tex
\c@pgfmathroundto@lastzeros=\count114
))
(/usr/share/texlive/texmf-dist/tex/generic/pgf/basiclayer/pgfcorepoints.code.te
x
File: pgfcorepoints.code.tex 2013/10/07  (rcs-revision 1.27)
\pgf@picminx=\dimen139
\pgf@picmaxx=\dimen140
\pgf@picminy=\dimen141
\pgf@picmaxy=\dimen142
\pgf@pathminx=\dimen143
\pgf@pathmaxx=\dimen144
\pgf@pathminy=\dimen145
\pgf@pathmaxy=\dimen146
\pgf@xx=\dimen147
\pgf@xy=\dimen148
\pgf@yx=\dimen149
\pgf@yy=\dimen150
\pgf@zx=\dimen151
\pgf@zy=\dimen152
)
(/usr/share/texlive/texmf-dist/tex/generic/pgf/basiclayer/pgfcorepathconstruct.
code.tex
File: pgfcorepathconstruct.code.tex 2013/10/07  (rcs-revision 1.29)
\pgf@path@lastx=\dimen153
\pgf@path@lasty=\dimen154
)
(/usr/share/texlive/texmf-dist/tex/generic/pgf/basiclayer/pgfcorepathusage.code
.tex
File: pgfcorepathusage.code.tex 2014/11/02  (rcs-revision 1.24)
\pgf@shorten@end@additional=\dimen155
\pgf@shorten@start@additional=\dimen156
)
(/usr/share/texlive/texmf-dist/tex/generic/pgf/basiclayer/pgfcorescopes.code.te
x
File: pgfcorescopes.code.tex 2015/05/08  (rcs-revision 1.46)
\pgfpic=\box36
\pgf@hbox=\box37
\pgf@layerbox@main=\box38
\pgf@picture@serial@count=\count115
)
(/usr/share/texlive/texmf-dist/tex/generic/pgf/basiclayer/pgfcoregraphicstate.c
ode.tex
File: pgfcoregraphicstate.code.tex 2014/11/02  (rcs-revision 1.12)
\pgflinewidth=\dimen157
)
(/usr/share/texlive/texmf-dist/tex/generic/pgf/basiclayer/pgfcoretransformation
s.code.tex
File: pgfcoretransformations.code.tex 2015/08/07  (rcs-revision 1.20)
\pgf@pt@x=\dimen158
\pgf@pt@y=\dimen159
\pgf@pt@temp=\dimen160
)
(/usr/share/texlive/texmf-dist/tex/generic/pgf/basiclayer/pgfcorequick.code.tex
File: pgfcorequick.code.tex 2008/10/09  (rcs-revision 1.3)
)
(/usr/share/texlive/texmf-dist/tex/generic/pgf/basiclayer/pgfcoreobjects.code.t
ex
File: pgfcoreobjects.code.tex 2006/10/11  (rcs-revision 1.2)
)
(/usr/share/texlive/texmf-dist/tex/generic/pgf/basiclayer/pgfcorepathprocessing
.code.tex
File: pgfcorepathprocessing.code.tex 2013/09/09  (rcs-revision 1.9)
)
(/usr/share/texlive/texmf-dist/tex/generic/pgf/basiclayer/pgfcorearrows.code.te
x
File: pgfcorearrows.code.tex 2015/05/14  (rcs-revision 1.43)
\pgfarrowsep=\dimen161
)
(/usr/share/texlive/texmf-dist/tex/generic/pgf/basiclayer/pgfcoreshade.code.tex
File: pgfcoreshade.code.tex 2013/07/15  (rcs-revision 1.15)
\pgf@max=\dimen162
\pgf@sys@shading@range@num=\count116
)
(/usr/share/texlive/texmf-dist/tex/generic/pgf/basiclayer/pgfcoreimage.code.tex
File: pgfcoreimage.code.tex 2013/07/15  (rcs-revision 1.18)

(/usr/share/texlive/texmf-dist/tex/generic/pgf/basiclayer/pgfcoreexternal.code.
tex
File: pgfcoreexternal.code.tex 2014/07/09  (rcs-revision 1.21)
\pgfexternal@startupbox=\box39
))
(/usr/share/texlive/texmf-dist/tex/generic/pgf/basiclayer/pgfcorelayers.code.te
x
File: pgfcorelayers.code.tex 2013/07/18  (rcs-revision 1.7)
)
(/usr/share/texlive/texmf-dist/tex/generic/pgf/basiclayer/pgfcoretransparency.c
ode.tex
File: pgfcoretransparency.code.tex 2013/09/30  (rcs-revision 1.5)
)
(/usr/share/texlive/texmf-dist/tex/generic/pgf/basiclayer/pgfcorepatterns.code.
tex
File: pgfcorepatterns.code.tex 2013/11/07  (rcs-revision 1.5)
))) (/usr/share/texlive/texmf-dist/tex/latex/pgf/utilities/xxcolor.sty
Package: xxcolor 2003/10/24 ver 0.1
\XC@nummixins=\count117
\XC@countmixins=\count118
)
(/usr/share/texlive/texmf-dist/tex/generic/oberdiek/atbegshi.sty
Package: atbegshi 2016/06/09 v1.18 At begin shipout hook (HO)

(/usr/share/texlive/texmf-dist/tex/generic/oberdiek/infwarerr.sty
Package: infwarerr 2016/05/16 v1.4 Providing info/warning/error messages (HO)
)
(/usr/share/texlive/texmf-dist/tex/generic/oberdiek/ltxcmds.sty
Package: ltxcmds 2016/05/16 v1.23 LaTeX kernel commands for general use (HO)
))
(/usr/share/texlive/texmf-dist/tex/latex/hyperref/hyperref.sty
Package: hyperref 2018/02/06 v6.86b Hypertext links for LaTeX

(/usr/share/texlive/texmf-dist/tex/generic/oberdiek/hobsub-hyperref.sty
Package: hobsub-hyperref 2016/05/16 v1.14 Bundle oberdiek, subset hyperref (HO)


(/usr/share/texlive/texmf-dist/tex/generic/oberdiek/hobsub-generic.sty
Package: hobsub-generic 2016/05/16 v1.14 Bundle oberdiek, subset generic (HO)
Package: hobsub 2016/05/16 v1.14 Construct package bundles (HO)
Package hobsub Info: Skipping package `infwarerr' (already loaded).
Package hobsub Info: Skipping package `ltxcmds' (already loaded).
Package: ifluatex 2016/05/16 v1.4 Provides the ifluatex switch (HO)
Package ifluatex Info: LuaTeX not detected.
Package hobsub Info: Skipping package `ifvtex' (already loaded).
Package: intcalc 2016/05/16 v1.2 Expandable calculations with integers (HO)
Package hobsub Info: Skipping package `ifpdf' (already loaded).
Package: etexcmds 2016/05/16 v1.6 Avoid name clashes with e-TeX commands (HO)
Package etexcmds Info: Could not find \expanded.
(etexcmds)             That can mean that you are not using pdfTeX 1.50 or
(etexcmds)             that some package has redefined \expanded.
(etexcmds)             In the latter case, load this package earlier.
Package: kvsetkeys 2016/05/16 v1.17 Key value parser (HO)
Package: kvdefinekeys 2016/05/16 v1.4 Define keys (HO)
Package: pdftexcmds 2018/01/21 v0.26 Utility functions of pdfTeX for LuaTeX (HO
)
Package pdftexcmds Info: LuaTeX not detected.
Package pdftexcmds Info: \pdf@primitive is available.
Package pdftexcmds Info: \pdf@ifprimitive is available.
Package pdftexcmds Info: \pdfdraftmode found.
Package: pdfescape 2016/05/16 v1.14 Implements pdfTeX's escape features (HO)
Package: bigintcalc 2016/05/16 v1.4 Expandable calculations on big integers (HO
)
Package: bitset 2016/05/16 v1.2 Handle bit-vector datatype (HO)
Package: uniquecounter 2016/05/16 v1.3 Provide unlimited unique counter (HO)
)
Package hobsub Info: Skipping package `hobsub' (already loaded).
Package: letltxmacro 2016/05/16 v1.5 Let assignment for LaTeX macros (HO)
Package: hopatch 2016/05/16 v1.3 Wrapper for package hooks (HO)
Package: xcolor-patch 2016/05/16 xcolor patch
Package: atveryend 2016/05/16 v1.9 Hooks at the very end of document (HO)
Package hobsub Info: Skipping package `atbegshi' (already loaded).
Package: refcount 2016/05/16 v3.5 Data extraction from label references (HO)
Package: hycolor 2016/05/16 v1.8 Color options for hyperref/bookmark (HO)
)
(/usr/share/texlive/texmf-dist/tex/latex/oberdiek/auxhook.sty
Package: auxhook 2016/05/16 v1.4 Hooks for auxiliary files (HO)
)
(/usr/share/texlive/texmf-dist/tex/latex/oberdiek/kvoptions.sty
Package: kvoptions 2016/05/16 v3.12 Key value format for package options (HO)
)
\@linkdim=\dimen163
\Hy@linkcounter=\count119
\Hy@pagecounter=\count120

(/usr/share/texlive/texmf-dist/tex/latex/hyperref/pd1enc.def
File: pd1enc.def 2018/02/06 v6.86b Hyperref: PDFDocEncoding definition (HO)
)
\Hy@SavedSpaceFactor=\count121

(/usr/share/texlive/texmf-dist/tex/latex/latexconfig/hyperref.cfg
File: hyperref.cfg 2002/06/06 v1.2 hyperref configuration of TeXLive
)
Package hyperref Info: Option `bookmarks' set `true' on input line 4383.
Package hyperref Info: Option `bookmarksopen' set `true' on input line 4383.
Package hyperref Info: Option `implicit' set `false' on input line 4383.
Package hyperref Info: Hyper figures OFF on input line 4509.
Package hyperref Info: Link nesting OFF on input line 4514.
Package hyperref Info: Hyper index ON on input line 4517.
Package hyperref Info: Plain pages OFF on input line 4524.
Package hyperref Info: Backreferencing OFF on input line 4529.
Package hyperref Info: Implicit mode OFF; no redefinition of LaTeX internals.
Package hyperref Info: Bookmarks ON on input line 4762.
\c@Hy@tempcnt=\count122

(/usr/share/texlive/texmf-dist/tex/latex/url/url.sty
\Urlmuskip=\muskip10
Package: url 2013/09/16  ver 3.4  Verb mode for urls, etc.
)
LaTeX Info: Redefining \url on input line 5115.
\XeTeXLinkMargin=\dimen164
\Fld@menulength=\count123
\Field@Width=\dimen165
\Fld@charsize=\dimen166
Package hyperref Info: Hyper figures OFF on input line 6369.
Package hyperref Info: Link nesting OFF on input line 6374.
Package hyperref Info: Hyper index ON on input line 6377.
Package hyperref Info: backreferencing OFF on input line 6384.
Package hyperref Info: Link coloring OFF on input line 6389.
Package hyperref Info: Link coloring with OCG OFF on input line 6394.
Package hyperref Info: PDF/A mode OFF on input line 6399.
LaTeX Info: Redefining \ref on input line 6439.
LaTeX Info: Redefining \pageref on input line 6443.
\Hy@abspage=\count124


Package hyperref Message: Stopped early.

)
Package hyperref Info: Driver (autodetected): hpdftex.
 (/usr/share/texlive/texmf-dist/tex/latex/hyperref/hpdftex.def
File: hpdftex.def 2018/02/06 v6.86b Hyperref driver for pdfTeX
\Fld@listcount=\count125
\c@bookmark@seq@number=\count126

(/usr/share/texlive/texmf-dist/tex/latex/oberdiek/rerunfilecheck.sty
Package: rerunfilecheck 2016/05/16 v1.8 Rerun checks for auxiliary files (HO)
Package uniquecounter Info: New unique counter `rerunfilecheck' on input line 2
82.
))
(/usr/share/texlive/texmf-dist/tex/latex/beamer/beamerbaserequires.sty
(/usr/share/texlive/texmf-dist/tex/latex/beamer/beamerbasecompatibility.sty)
(/usr/share/texlive/texmf-dist/tex/latex/beamer/beamerbasefont.sty
(/usr/share/texlive/texmf-dist/tex/latex/amsfonts/amssymb.sty
Package: amssymb 2013/01/14 v3.01 AMS font symbols

(/usr/share/texlive/texmf-dist/tex/latex/amsfonts/amsfonts.sty
Package: amsfonts 2013/01/14 v3.01 Basic AMSFonts support
\@emptytoks=\toks26
\symAMSa=\mathgroup4
\symAMSb=\mathgroup5
LaTeX Font Info:    Overwriting math alphabet `\mathfrak' in version `bold'
(Font)                  U/euf/m/n --> U/euf/b/n on input line 106.
))
(/usr/share/texlive/texmf-dist/tex/latex/sansmathaccent/sansmathaccent.sty
Package: sansmathaccent 2013/03/28

(/usr/share/texlive/texmf-dist/tex/latex/filehook/filehook.sty
Package: filehook 2011/10/12 v0.5d Hooks for input files
)))
(/usr/share/texlive/texmf-dist/tex/latex/beamer/beamerbasetranslator.sty
(/usr/share/texlive/texmf-dist/tex/latex/translator/translator.sty
Package: translator 2018/01/04 v1.12 Easy translation of strings in LaTeX
))
(/usr/share/texlive/texmf-dist/tex/latex/beamer/beamerbasemisc.sty)
(/usr/share/texlive/texmf-dist/tex/latex/beamer/beamerbasetwoscreens.sty)
(/usr/share/texlive/texmf-dist/tex/latex/beamer/beamerbaseoverlay.sty
\beamer@argscount=\count127
\beamer@lastskipcover=\skip44
\beamer@trivlistdepth=\count128
)
(/usr/share/texlive/texmf-dist/tex/latex/beamer/beamerbasetitle.sty)
(/usr/share/texlive/texmf-dist/tex/latex/beamer/beamerbasesection.sty
\c@lecture=\count129
\c@part=\count130
\c@section=\count131
\c@subsection=\count132
\c@subsubsection=\count133
)
(/usr/share/texlive/texmf-dist/tex/latex/beamer/beamerbaseframe.sty
\beamer@framebox=\box40
\beamer@frametitlebox=\box41
\beamer@zoombox=\box42
\beamer@zoomcount=\count134
\beamer@zoomframecount=\count135
\beamer@frametextheight=\dimen167
\c@subsectionslide=\count136
\beamer@frametopskip=\skip45
\beamer@framebottomskip=\skip46
\beamer@frametopskipautobreak=\skip47
\beamer@framebottomskipautobreak=\skip48
\beamer@envbody=\toks27
\framewidth=\dimen168
\c@framenumber=\count137
)
(/usr/share/texlive/texmf-dist/tex/latex/beamer/beamerbaseverbatim.sty
\beamer@verbatimfileout=\write4
)
(/usr/share/texlive/texmf-dist/tex/latex/beamer/beamerbaseframesize.sty
\beamer@splitbox=\box43
\beamer@autobreakcount=\count138
\beamer@autobreaklastheight=\dimen169
\beamer@frametitletoks=\toks28
\beamer@framesubtitletoks=\toks29
)
(/usr/share/texlive/texmf-dist/tex/latex/beamer/beamerbaseframecomponents.sty
\beamer@footins=\box44
)
(/usr/share/texlive/texmf-dist/tex/latex/beamer/beamerbasecolor.sty
\beamer@bg@ht=\dimen170
\beamer@bg@wd=\dimen171
\beamer@bg@dp=\dimen172
)
(/usr/share/texlive/texmf-dist/tex/latex/beamer/beamerbasenotes.sty
\beamer@frameboxcopy=\box45
)
(/usr/share/texlive/texmf-dist/tex/latex/beamer/beamerbasetoc.sty)
(/usr/share/texlive/texmf-dist/tex/latex/beamer/beamerbasetemplates.sty
\beamer@sbttoks=\toks30

(/usr/share/texlive/texmf-dist/tex/latex/beamer/beamerbaseauxtemplates.sty
(/usr/share/texlive/texmf-dist/tex/latex/beamer/beamerbaseboxes.sty
\bmb@box=\box46
\bmb@colorbox=\box47
\bmb@boxshadow=\box48
\bmb@boxshadowball=\box49
\bmb@boxshadowballlarge=\box50
\bmb@temp=\dimen173
\bmb@dima=\dimen174
\bmb@dimb=\dimen175
\bmb@prevheight=\dimen176
)
\beamer@blockheadheight=\dimen177
))
(/usr/share/texlive/texmf-dist/tex/latex/beamer/beamerbaselocalstructure.sty
(/usr/share/texlive/texmf-dist/tex/latex/tools/enumerate.sty
Package: enumerate 2015/07/23 v3.00 enumerate extensions (DPC)
\@enLab=\toks31
)
\c@figure=\count139
\c@table=\count140
\abovecaptionskip=\skip49
\belowcaptionskip=\skip50
)
(/usr/share/texlive/texmf-dist/tex/latex/beamer/beamerbasenavigation.sty
\beamer@section@min@dim=\dimen178
)
(/usr/share/texlive/texmf-dist/tex/latex/beamer/beamerbasetheorems.sty
(/usr/share/texlive/texmf-dist/tex/latex/amsmath/amsmath.sty
Package: amsmath 2017/09/02 v2.17a AMS math features
\@mathmargin=\skip51

For additional information on amsmath, use the `?' option.
(/usr/share/texlive/texmf-dist/tex/latex/amsmath/amstext.sty
Package: amstext 2000/06/29 v2.01 AMS text

(/usr/share/texlive/texmf-dist/tex/latex/amsmath/amsgen.sty
File: amsgen.sty 1999/11/30 v2.0 generic functions
\@emptytoks=\toks32
\ex@=\dimen179
))
(/usr/share/texlive/texmf-dist/tex/latex/amsmath/amsbsy.sty
Package: amsbsy 1999/11/29 v1.2d Bold Symbols
\pmbraise@=\dimen180
)
(/usr/share/texlive/texmf-dist/tex/latex/amsmath/amsopn.sty
Package: amsopn 2016/03/08 v2.02 operator names
)
\inf@bad=\count141
LaTeX Info: Redefining \frac on input line 213.
\uproot@=\count142
\leftroot@=\count143
LaTeX Info: Redefining \overline on input line 375.
\classnum@=\count144
\DOTSCASE@=\count145
LaTeX Info: Redefining \ldots on input line 472.
LaTeX Info: Redefining \dots on input line 475.
LaTeX Info: Redefining \cdots on input line 596.
\Mathstrutbox@=\box51
\strutbox@=\box52
\big@size=\dimen181
LaTeX Font Info:    Redeclaring font encoding OML on input line 712.
LaTeX Font Info:    Redeclaring font encoding OMS on input line 713.
\macc@depth=\count146
\c@MaxMatrixCols=\count147
\dotsspace@=\muskip11
\c@parentequation=\count148
\dspbrk@lvl=\count149
\tag@help=\toks33
\row@=\count150
\column@=\count151
\maxfields@=\count152
\andhelp@=\toks34
\eqnshift@=\dimen182
\alignsep@=\dimen183
\tagshift@=\dimen184
\tagwidth@=\dimen185
\totwidth@=\dimen186
\lineht@=\dimen187
\@envbody=\toks35
\multlinegap=\skip52
\multlinetaggap=\skip53
\mathdisplay@stack=\toks36
LaTeX Info: Redefining \[ on input line 2817.
LaTeX Info: Redefining \] on input line 2818.
)
(/usr/share/texlive/texmf-dist/tex/latex/amscls/amsthm.sty
Package: amsthm 2017/10/31 v2.20.4
\thm@style=\toks37
\thm@bodyfont=\toks38
\thm@headfont=\toks39
\thm@notefont=\toks40
\thm@headpunct=\toks41
\thm@preskip=\skip54
\thm@postskip=\skip55
\thm@headsep=\skip56
\dth@everypar=\toks42
)
\c@theorem=\count153
)
(/usr/share/texlive/texmf-dist/tex/latex/beamer/beamerbasethemes.sty))
(/usr/share/texlive/texmf-dist/tex/latex/beamer/beamerthemedefault.sty
(/usr/share/texlive/texmf-dist/tex/latex/beamer/beamerfontthemedefault.sty)
(/usr/share/texlive/texmf-dist/tex/latex/beamer/beamercolorthemedefault.sty)
(/usr/share/texlive/texmf-dist/tex/latex/beamer/beamerinnerthemedefault.sty
\beamer@dima=\dimen188
\beamer@dimb=\dimen189
)
(/usr/share/texlive/texmf-dist/tex/latex/beamer/beamerouterthemedefault.sty)))
(./basileabeam.sty (/usr/share/texlive/texmf-dist/tex/latex/base/inputenc.sty
Package: inputenc 2015/03/17 v1.2c Input encoding file
\inpenc@prehook=\toks43
\inpenc@posthook=\toks44

(/usr/share/texlive/texmf-dist/tex/latex/base/utf8.def
File: utf8.def 2017/01/28 v1.1t UTF-8 support for inputenc
Now handling font encoding OML ...
... no UTF-8 mapping file for font encoding OML
Now handling font encoding T1 ...
... processing UTF-8 mapping file for font encoding T1

(/usr/share/texlive/texmf-dist/tex/latex/base/t1enc.dfu
File: t1enc.dfu 2017/01/28 v1.1t UTF-8 support for inputenc
   defining Unicode char U+00A0 (decimal 160)
   defining Unicode char U+00A1 (decimal 161)
   defining Unicode char U+00A3 (decimal 163)
   defining Unicode char U+00AB (decimal 171)
   defining Unicode char U+00AD (decimal 173)
   defining Unicode char U+00BB (decimal 187)
   defining Unicode char U+00BF (decimal 191)
   defining Unicode char U+00C0 (decimal 192)
   defining Unicode char U+00C1 (decimal 193)
   defining Unicode char U+00C2 (decimal 194)
   defining Unicode char U+00C3 (decimal 195)
   defining Unicode char U+00C4 (decimal 196)
   defining Unicode char U+00C5 (decimal 197)
   defining Unicode char U+00C6 (decimal 198)
   defining Unicode char U+00C7 (decimal 199)
   defining Unicode char U+00C8 (decimal 200)
   defining Unicode char U+00C9 (decimal 201)
   defining Unicode char U+00CA (decimal 202)
   defining Unicode char U+00CB (decimal 203)
   defining Unicode char U+00CC (decimal 204)
   defining Unicode char U+00CD (decimal 205)
   defining Unicode char U+00CE (decimal 206)
   defining Unicode char U+00CF (decimal 207)
   defining Unicode char U+00D0 (decimal 208)
   defining Unicode char U+00D1 (decimal 209)
   defining Unicode char U+00D2 (decimal 210)
   defining Unicode char U+00D3 (decimal 211)
   defining Unicode char U+00D4 (decimal 212)
   defining Unicode char U+00D5 (decimal 213)
   defining Unicode char U+00D6 (decimal 214)
   defining Unicode char U+00D8 (decimal 216)
   defining Unicode char U+00D9 (decimal 217)
   defining Unicode char U+00DA (decimal 218)
   defining Unicode char U+00DB (decimal 219)
   defining Unicode char U+00DC (decimal 220)
   defining Unicode char U+00DD (decimal 221)
   defining Unicode char U+00DE (decimal 222)
   defining Unicode char U+00DF (decimal 223)
   defining Unicode char U+00E0 (decimal 224)
   defining Unicode char U+00E1 (decimal 225)
   defining Unicode char U+00E2 (decimal 226)
   defining Unicode char U+00E3 (decimal 227)
   defining Unicode char U+00E4 (decimal 228)
   defining Unicode char U+00E5 (decimal 229)
   defining Unicode char U+00E6 (decimal 230)
   defining Unicode char U+00E7 (decimal 231)
   defining Unicode char U+00E8 (decimal 232)
   defining Unicode char U+00E9 (decimal 233)
   defining Unicode char U+00EA (decimal 234)
   defining Unicode char U+00EB (decimal 235)
   defining Unicode char U+00EC (decimal 236)
   defining Unicode char U+00ED (decimal 237)
   defining Unicode char U+00EE (decimal 238)
   defining Unicode char U+00EF (decimal 239)
   defining Unicode char U+00F0 (decimal 240)
   defining Unicode char U+00F1 (decimal 241)
   defining Unicode char U+00F2 (decimal 242)
   defining Unicode char U+00F3 (decimal 243)
   defining Unicode char U+00F4 (decimal 244)
   defining Unicode char U+00F5 (decimal 245)
   defining Unicode char U+00F6 (decimal 246)
   defining Unicode char U+00F8 (decimal 248)
   defining Unicode char U+00F9 (decimal 249)
   defining Unicode char U+00FA (decimal 250)
   defining Unicode char U+00FB (decimal 251)
   defining Unicode char U+00FC (decimal 252)
   defining Unicode char U+00FD (decimal 253)
   defining Unicode char U+00FE (decimal 254)
   defining Unicode char U+00FF (decimal 255)
   defining Unicode char U+0100 (decimal 256)
   defining Unicode char U+0101 (decimal 257)
   defining Unicode char U+0102 (decimal 258)
   defining Unicode char U+0103 (decimal 259)
   defining Unicode char U+0104 (decimal 260)
   defining Unicode char U+0105 (decimal 261)
   defining Unicode char U+0106 (decimal 262)
   defining Unicode char U+0107 (decimal 263)
   defining Unicode char U+0108 (decimal 264)
   defining Unicode char U+0109 (decimal 265)
   defining Unicode char U+010A (decimal 266)
   defining Unicode char U+010B (decimal 267)
   defining Unicode char U+010C (decimal 268)
   defining Unicode char U+010D (decimal 269)
   defining Unicode char U+010E (decimal 270)
   defining Unicode char U+010F (decimal 271)
   defining Unicode char U+0110 (decimal 272)
   defining Unicode char U+0111 (decimal 273)
   defining Unicode char U+0112 (decimal 274)
   defining Unicode char U+0113 (decimal 275)
   defining Unicode char U+0114 (decimal 276)
   defining Unicode char U+0115 (decimal 277)
   defining Unicode char U+0116 (decimal 278)
   defining Unicode char U+0117 (decimal 279)
   defining Unicode char U+0118 (decimal 280)
   defining Unicode char U+0119 (decimal 281)
   defining Unicode char U+011A (decimal 282)
   defining Unicode char U+011B (decimal 283)
   defining Unicode char U+011C (decimal 284)
   defining Unicode char U+011D (decimal 285)
   defining Unicode char U+011E (decimal 286)
   defining Unicode char U+011F (decimal 287)
   defining Unicode char U+0120 (decimal 288)
   defining Unicode char U+0121 (decimal 289)
   defining Unicode char U+0122 (decimal 290)
   defining Unicode char U+0123 (decimal 291)
   defining Unicode char U+0124 (decimal 292)
   defining Unicode char U+0125 (decimal 293)
   defining Unicode char U+0128 (decimal 296)
   defining Unicode char U+0129 (decimal 297)
   defining Unicode char U+012A (decimal 298)
   defining Unicode char U+012B (decimal 299)
   defining Unicode char U+012C (decimal 300)
   defining Unicode char U+012D (decimal 301)
   defining Unicode char U+012E (decimal 302)
   defining Unicode char U+012F (decimal 303)
   defining Unicode char U+0130 (decimal 304)
   defining Unicode char U+0131 (decimal 305)
   defining Unicode char U+0132 (decimal 306)
   defining Unicode char U+0133 (decimal 307)
   defining Unicode char U+0134 (decimal 308)
   defining Unicode char U+0135 (decimal 309)
   defining Unicode char U+0136 (decimal 310)
   defining Unicode char U+0137 (decimal 311)
   defining Unicode char U+0139 (decimal 313)
   defining Unicode char U+013A (decimal 314)
   defining Unicode char U+013B (decimal 315)
   defining Unicode char U+013C (decimal 316)
   defining Unicode char U+013D (decimal 317)
   defining Unicode char U+013E (decimal 318)
   defining Unicode char U+0141 (decimal 321)
   defining Unicode char U+0142 (decimal 322)
   defining Unicode char U+0143 (decimal 323)
   defining Unicode char U+0144 (decimal 324)
   defining Unicode char U+0145 (decimal 325)
   defining Unicode char U+0146 (decimal 326)
   defining Unicode char U+0147 (decimal 327)
   defining Unicode char U+0148 (decimal 328)
   defining Unicode char U+014A (decimal 330)
   defining Unicode char U+014B (decimal 331)
   defining Unicode char U+014C (decimal 332)
   defining Unicode char U+014D (decimal 333)
   defining Unicode char U+014E (decimal 334)
   defining Unicode char U+014F (decimal 335)
   defining Unicode char U+0150 (decimal 336)
   defining Unicode char U+0151 (decimal 337)
   defining Unicode char U+0152 (decimal 338)
   defining Unicode char U+0153 (decimal 339)
   defining Unicode char U+0154 (decimal 340)
   defining Unicode char U+0155 (decimal 341)
   defining Unicode char U+0156 (decimal 342)
   defining Unicode char U+0157 (decimal 343)
   defining Unicode char U+0158 (decimal 344)
   defining Unicode char U+0159 (decimal 345)
   defining Unicode char U+015A (decimal 346)
   defining Unicode char U+015B (decimal 347)
   defining Unicode char U+015C (decimal 348)
   defining Unicode char U+015D (decimal 349)
   defining Unicode char U+015E (decimal 350)
   defining Unicode char U+015F (decimal 351)
   defining Unicode char U+0160 (decimal 352)
   defining Unicode char U+0161 (decimal 353)
   defining Unicode char U+0162 (decimal 354)
   defining Unicode char U+0163 (decimal 355)
   defining Unicode char U+0164 (decimal 356)
   defining Unicode char U+0165 (decimal 357)
   defining Unicode char U+0168 (decimal 360)
   defining Unicode char U+0169 (decimal 361)
   defining Unicode char U+016A (decimal 362)
   defining Unicode char U+016B (decimal 363)
   defining Unicode char U+016C (decimal 364)
   defining Unicode char U+016D (decimal 365)
   defining Unicode char U+016E (decimal 366)
   defining Unicode char U+016F (decimal 367)
   defining Unicode char U+0170 (decimal 368)
   defining Unicode char U+0171 (decimal 369)
   defining Unicode char U+0172 (decimal 370)
   defining Unicode char U+0173 (decimal 371)
   defining Unicode char U+0174 (decimal 372)
   defining Unicode char U+0175 (decimal 373)
   defining Unicode char U+0176 (decimal 374)
   defining Unicode char U+0177 (decimal 375)
   defining Unicode char U+0178 (decimal 376)
   defining Unicode char U+0179 (decimal 377)
   defining Unicode char U+017A (decimal 378)
   defining Unicode char U+017B (decimal 379)
   defining Unicode char U+017C (decimal 380)
   defining Unicode char U+017D (decimal 381)
   defining Unicode char U+017E (decimal 382)
   defining Unicode char U+01CD (decimal 461)
   defining Unicode char U+01CE (decimal 462)
   defining Unicode char U+01CF (decimal 463)
   defining Unicode char U+01D0 (decimal 464)
   defining Unicode char U+01D1 (decimal 465)
   defining Unicode char U+01D2 (decimal 466)
   defining Unicode char U+01D3 (decimal 467)
   defining Unicode char U+01D4 (decimal 468)
   defining Unicode char U+01E2 (decimal 482)
   defining Unicode char U+01E3 (decimal 483)
   defining Unicode char U+01E6 (decimal 486)
   defining Unicode char U+01E7 (decimal 487)
   defining Unicode char U+01E8 (decimal 488)
   defining Unicode char U+01E9 (decimal 489)
   defining Unicode char U+01EA (decimal 490)
   defining Unicode char U+01EB (decimal 491)
   defining Unicode char U+01F0 (decimal 496)
   defining Unicode char U+01F4 (decimal 500)
   defining Unicode char U+01F5 (decimal 501)
   defining Unicode char U+0218 (decimal 536)
   defining Unicode char U+0219 (decimal 537)
   defining Unicode char U+021A (decimal 538)
   defining Unicode char U+021B (decimal 539)
   defining Unicode char U+0232 (decimal 562)
   defining Unicode char U+0233 (decimal 563)
   defining Unicode char U+1E02 (decimal 7682)
   defining Unicode char U+1E03 (decimal 7683)
   defining Unicode char U+200C (decimal 8204)
   defining Unicode char U+2010 (decimal 8208)
   defining Unicode char U+2011 (decimal 8209)
   defining Unicode char U+2012 (decimal 8210)
   defining Unicode char U+2013 (decimal 8211)
   defining Unicode char U+2014 (decimal 8212)
   defining Unicode char U+2015 (decimal 8213)
   defining Unicode char U+2018 (decimal 8216)
   defining Unicode char U+2019 (decimal 8217)
   defining Unicode char U+201A (decimal 8218)
   defining Unicode char U+201C (decimal 8220)
   defining Unicode char U+201D (decimal 8221)
   defining Unicode char U+201E (decimal 8222)
   defining Unicode char U+2030 (decimal 8240)
   defining Unicode char U+2031 (decimal 8241)
   defining Unicode char U+2039 (decimal 8249)
   defining Unicode char U+203A (decimal 8250)
   defining Unicode char U+2423 (decimal 9251)
   defining Unicode char U+1E20 (decimal 7712)
   defining Unicode char U+1E21 (decimal 7713)
)
Now handling font encoding OT1 ...
... processing UTF-8 mapping file for font encoding OT1

(/usr/share/texlive/texmf-dist/tex/latex/base/ot1enc.dfu
File: ot1enc.dfu 2017/01/28 v1.1t UTF-8 support for inputenc
   defining Unicode char U+00A0 (decimal 160)
   defining Unicode char U+00A1 (decimal 161)
   defining Unicode char U+00A3 (decimal 163)
   defining Unicode char U+00AD (decimal 173)
   defining Unicode char U+00B8 (decimal 184)
   defining Unicode char U+00BF (decimal 191)
   defining Unicode char U+00C5 (decimal 197)
   defining Unicode char U+00C6 (decimal 198)
   defining Unicode char U+00D8 (decimal 216)
   defining Unicode char U+00DF (decimal 223)
   defining Unicode char U+00E6 (decimal 230)
   defining Unicode char U+00EC (decimal 236)
   defining Unicode char U+00ED (decimal 237)
   defining Unicode char U+00EE (decimal 238)
   defining Unicode char U+00EF (decimal 239)
   defining Unicode char U+00F8 (decimal 248)
   defining Unicode char U+0131 (decimal 305)
   defining Unicode char U+0141 (decimal 321)
   defining Unicode char U+0142 (decimal 322)
   defining Unicode char U+0152 (decimal 338)
   defining Unicode char U+0153 (decimal 339)
   defining Unicode char U+0174 (decimal 372)
   defining Unicode char U+0175 (decimal 373)
   defining Unicode char U+0176 (decimal 374)
   defining Unicode char U+0177 (decimal 375)
   defining Unicode char U+0218 (decimal 536)
   defining Unicode char U+0219 (decimal 537)
   defining Unicode char U+021A (decimal 538)
   defining Unicode char U+021B (decimal 539)
   defining Unicode char U+2013 (decimal 8211)
   defining Unicode char U+2014 (decimal 8212)
   defining Unicode char U+2018 (decimal 8216)
   defining Unicode char U+2019 (decimal 8217)
   defining Unicode char U+201C (decimal 8220)
   defining Unicode char U+201D (decimal 8221)
)
Now handling font encoding OMS ...
... processing UTF-8 mapping file for font encoding OMS

(/usr/share/texlive/texmf-dist/tex/latex/base/omsenc.dfu
File: omsenc.dfu 2017/01/28 v1.1t UTF-8 support for inputenc
   defining Unicode char U+00A7 (decimal 167)
   defining Unicode char U+00B6 (decimal 182)
   defining Unicode char U+00B7 (decimal 183)
   defining Unicode char U+2020 (decimal 8224)
   defining Unicode char U+2021 (decimal 8225)
   defining Unicode char U+2022 (decimal 8226)
)
Now handling font encoding OMX ...
... no UTF-8 mapping file for font encoding OMX
Now handling font encoding U ...
... no UTF-8 mapping file for font encoding U
Now handling font encoding PD1 ...
... no UTF-8 mapping file for font encoding PD1
   defining Unicode char U+00A9 (decimal 169)
   defining Unicode char U+00AA (decimal 170)
   defining Unicode char U+00AE (decimal 174)
   defining Unicode char U+00BA (decimal 186)
   defining Unicode char U+02C6 (decimal 710)
   defining Unicode char U+02DC (decimal 732)
   defining Unicode char U+200C (decimal 8204)
   defining Unicode char U+2026 (decimal 8230)
   defining Unicode char U+2122 (decimal 8482)
   defining Unicode char U+2423 (decimal 9251)
))
(/usr/share/texlive/texmf-dist/tex/latex/booktabs/booktabs.sty
Package: booktabs 2016/04/27 v1.618033 publication quality tables
\heavyrulewidth=\dimen190
\lightrulewidth=\dimen191
\cmidrulewidth=\dimen192
\belowrulesep=\dimen193
\belowbottomsep=\dimen194
\aboverulesep=\dimen195
\abovetopsep=\dimen196
\cmidrulesep=\dimen197
\cmidrulekern=\dimen198
\defaultaddspace=\dimen199
\@cmidla=\count154
\@cmidlb=\count155
\@aboverulesep=\dimen256
\@belowrulesep=\dimen257
\@thisruleclass=\count156
\@lastruleclass=\count157
\@thisrulewidth=\dimen258
)
(/usr/share/texlive/texmf-dist/tex/latex/tools/tabularx.sty
Package: tabularx 2016/02/03 v2.11 `tabularx' package (DPC)

(/usr/share/texlive/texmf-dist/tex/latex/tools/array.sty
Package: array 2016/10/06 v2.4d Tabular extension package (FMi)
\col@sep=\dimen259
\extrarowheight=\dimen260
\NC@list=\toks45
\extratabsurround=\skip57
\backup@length=\skip58
)
\TX@col@width=\dimen261
\TX@old@table=\dimen262
\TX@old@col=\dimen263
\TX@target=\dimen264
\TX@delta=\dimen265
\TX@cols=\count158
\TX@ftn=\toks46
)
(/usr/share/texlive/texmf-dist/tex/latex/ms/ragged2e.sty
Package: ragged2e 2009/05/21 v2.1 ragged2e Package (MS)

(/usr/share/texlive/texmf-dist/tex/latex/ms/everysel.sty
Package: everysel 2011/10/28 v1.2 EverySelectfont Package (MS)
)
\CenteringLeftskip=\skip59
\RaggedLeftLeftskip=\skip60
\RaggedRightLeftskip=\skip61
\CenteringRightskip=\skip62
\RaggedLeftRightskip=\skip63
\RaggedRightRightskip=\skip64
\CenteringParfillskip=\skip65
\RaggedLeftParfillskip=\skip66
\RaggedRightParfillskip=\skip67
\JustifyingParfillskip=\skip68
\CenteringParindent=\skip69
\RaggedLeftParindent=\skip70
\RaggedRightParindent=\skip71
\JustifyingParindent=\skip72
)
(/usr/share/texlive/texmf-dist/tex/latex/multirow/multirow.sty
Package: multirow 2016/11/25 v2.2 Span multiple rows of a table
\multirow@colwidth=\skip73
\multirow@cntb=\count159
\multirow@dima=\skip74
\bigstrutjot=\dimen266
)
(/usr/share/texlive/texmf-dist/tex/latex/colortbl/colortbl.sty
Package: colortbl 2012/02/13 v1.0a Color table columns (DPC)
\everycr=\toks47
\minrowclearance=\skip75
)
(/usr/share/texlive/texmf-dist/tex/latex/listings/listings.sty
\lst@mode=\count160
\lst@gtempboxa=\box53
\lst@token=\toks48
\lst@length=\count161
\lst@currlwidth=\dimen267
\lst@column=\count162
\lst@pos=\count163
\lst@lostspace=\dimen268
\lst@width=\dimen269
\lst@newlines=\count164
\lst@lineno=\count165
\lst@maxwidth=\dimen270

(/usr/share/texlive/texmf-dist/tex/latex/listings/lstmisc.sty
File: lstmisc.sty 2015/06/04 1.6 (Carsten Heinz)
\c@lstnumber=\count166
\lst@skipnumbers=\count167
\lst@framebox=\box54
)
(/usr/share/texlive/texmf-dist/tex/latex/listings/listings.cfg
File: listings.cfg 2015/06/04 1.6 listings configuration
))
Package: listings 2015/06/04 1.6 (Carsten Heinz)

(/usr/share/texlive/texmf-dist/tex/latex/pgf/frontendlayer/tikz.sty
(/usr/share/texlive/texmf-dist/tex/latex/pgf/basiclayer/pgf.sty
Package: pgf 2015/08/07 v3.0.1a (rcs-revision 1.15)

(/usr/share/texlive/texmf-dist/tex/generic/pgf/modules/pgfmoduleshapes.code.tex
File: pgfmoduleshapes.code.tex 2014/03/21  (rcs-revision 1.35)
\pgfnodeparttextbox=\box55
) (/usr/share/texlive/texmf-dist/tex/generic/pgf/modules/pgfmoduleplot.code.tex
File: pgfmoduleplot.code.tex 2015/08/03  (rcs-revision 1.13)
)
(/usr/share/texlive/texmf-dist/tex/latex/pgf/compatibility/pgfcomp-version-0-65
.sty
Package: pgfcomp-version-0-65 2007/07/03 v3.0.1a (rcs-revision 1.7)
\pgf@nodesepstart=\dimen271
\pgf@nodesepend=\dimen272
)
(/usr/share/texlive/texmf-dist/tex/latex/pgf/compatibility/pgfcomp-version-1-18
.sty
Package: pgfcomp-version-1-18 2007/07/23 v3.0.1a (rcs-revision 1.1)
)) (/usr/share/texlive/texmf-dist/tex/latex/pgf/utilities/pgffor.sty
(/usr/share/texlive/texmf-dist/tex/latex/pgf/utilities/pgfkeys.sty
(/usr/share/texlive/texmf-dist/tex/generic/pgf/utilities/pgfkeys.code.tex))
(/usr/share/texlive/texmf-dist/tex/latex/pgf/math/pgfmath.sty
(/usr/share/texlive/texmf-dist/tex/generic/pgf/math/pgfmath.code.tex))
(/usr/share/texlive/texmf-dist/tex/generic/pgf/utilities/pgffor.code.tex
Package: pgffor 2013/12/13 v3.0.1a (rcs-revision 1.25)

(/usr/share/texlive/texmf-dist/tex/generic/pgf/math/pgfmath.code.tex)
\pgffor@iter=\dimen273
\pgffor@skip=\dimen274
\pgffor@stack=\toks49
\pgffor@toks=\toks50
))
(/usr/share/texlive/texmf-dist/tex/generic/pgf/frontendlayer/tikz/tikz.code.tex
Package: tikz 2015/08/07 v3.0.1a (rcs-revision 1.151)

(/usr/share/texlive/texmf-dist/tex/generic/pgf/libraries/pgflibraryplothandlers
.code.tex
File: pgflibraryplothandlers.code.tex 2013/08/31 v3.0.1a (rcs-revision 1.20)
\pgf@plot@mark@count=\count168
\pgfplotmarksize=\dimen275
)
\tikz@lastx=\dimen276
\tikz@lasty=\dimen277
\tikz@lastxsaved=\dimen278
\tikz@lastysaved=\dimen279
\tikzleveldistance=\dimen280
\tikzsiblingdistance=\dimen281
\tikz@figbox=\box56
\tikz@figbox@bg=\box57
\tikz@tempbox=\box58
\tikz@tempbox@bg=\box59
\tikztreelevel=\count169
\tikznumberofchildren=\count170
\tikznumberofcurrentchild=\count171
\tikz@fig@count=\count172

(/usr/share/texlive/texmf-dist/tex/generic/pgf/modules/pgfmodulematrix.code.tex
File: pgfmodulematrix.code.tex 2013/09/17  (rcs-revision 1.8)
\pgfmatrixcurrentrow=\count173
\pgfmatrixcurrentcolumn=\count174
\pgf@matrix@numberofcolumns=\count175
)
\tikz@expandcount=\count176

(/usr/share/texlive/texmf-dist/tex/generic/pgf/frontendlayer/tikz/libraries/tik
zlibrarytopaths.code.tex
File: tikzlibrarytopaths.code.tex 2008/06/17 v3.0.1a (rcs-revision 1.2)
)))
(/usr/share/texlive/texmf-dist/tex/generic/pgf/frontendlayer/tikz/libraries/tik
zlibraryer.code.tex
File: tikzlibraryer.code.tex 2008/02/20 v3.0.1a (rcs-revision 1.2)

(/usr/share/texlive/texmf-dist/tex/generic/pgf/frontendlayer/tikz/libraries/tik
zlibraryshapes.geometric.code.tex
File: tikzlibraryshapes.geometric.code.tex 2008/01/09 v3.0.1a (rcs-revision 1.1
)

(/usr/share/texlive/texmf-dist/tex/generic/pgf/libraries/shapes/pgflibraryshape
s.geometric.code.tex
File: pgflibraryshapes.geometric.code.tex 2008/06/26 v3.0.1a (rcs-revision 1.1)

)))
(/usr/share/texlive/texmf-dist/tex/generic/pgf/frontendlayer/tikz/libraries/tik
zlibrarypositioning.code.tex
File: tikzlibrarypositioning.code.tex 2008/10/06 v3.0.1a (rcs-revision 1.7)
)
(/usr/share/texlive/texmf-dist/tex/generic/pgf/frontendlayer/tikz/libraries/tik
zlibrarypetri.code.tex
File: tikzlibrarypetri.code.tex 2013/07/17 v3.0.1a (rcs-revision 1.3)
)
(/usr/share/texlive/texmf-dist/tex/generic/pgf/frontendlayer/tikz/libraries/tik
zlibrarybackgrounds.code.tex
File: tikzlibrarybackgrounds.code.tex 2013/07/18 v3.0.1a (rcs-revision 1.3)
\pgf@layerbox@background=\box60
\pgf@layerboxsaved@background=\box61
)
(/usr/share/texlive/texmf-dist/tex/generic/pgf/frontendlayer/tikz/libraries/tik
zlibraryscopes.code.tex
File: tikzlibraryscopes.code.tex 2008/06/27 v3.0.1a (rcs-revision 1.2)
) (./tikz-er2.sty
Package: tikz-er2 2009/01/31 Entity-relationship diagrams using the Tikz librar
y

(/usr/share/texlive/texmf-dist/tex/generic/ulem/ulem.sty
\UL@box=\box62
\UL@hyphenbox=\box63
\UL@skip=\skip76
\UL@hook=\toks51
\UL@height=\dimen282
\UL@pe=\count177
\UL@pixel=\dimen283
\ULC@box=\box64
Package: ulem 2012/05/18
\ULdepth=\dimen284
)
(/usr/share/texlive/texmf-dist/tex/generic/pgf/frontendlayer/tikz/libraries/tik
zlibraryarrows.code.tex
File: tikzlibraryarrows.code.tex 2008/01/09 v3.0.1a (rcs-revision 1.1)

(/usr/share/texlive/texmf-dist/tex/generic/pgf/libraries/pgflibraryarrows.code.
tex
File: pgflibraryarrows.code.tex 2013/09/23 v3.0.1a (rcs-revision 1.16)
\arrowsize=\dimen285
))
(/usr/share/texlive/texmf-dist/tex/generic/pgf/frontendlayer/tikz/libraries/tik
zlibraryfit.code.tex
File: tikzlibraryfit.code.tex 2013/07/12 v3.0.1a (rcs-revision 1.5)
))
(/usr/share/texlive/texmf-dist/tex/latex/dashrule/dashrule.sty
Package: dashrule 2013/03/28 v1.3 Dashed rules

(/usr/share/texlive/texmf-dist/tex/latex/ifmtarg/ifmtarg.sty
Package: ifmtarg 2009/09/02 v1.2a check for an empty argument
)
\c@hdr@segments=\count178
)
(/usr/share/texlive/texmf-dist/tex/latex/pgf/utilities/pgfpages.sty
Package: pgfpages 2011/01/05 ver 0.02

(/usr/share/texlive/texmf-dist/tex/latex/tools/calc.sty
Package: calc 2014/10/28 v4.3 Infix arithmetic (KKT,FJ)
\calc@Acount=\count179
\calc@Bcount=\count180
\calc@Adimen=\dimen286
\calc@Bdimen=\dimen287
\calc@Askip=\skip77
\calc@Bskip=\skip78
LaTeX Info: Redefining \setlength on input line 80.
LaTeX Info: Redefining \addtolength on input line 81.
\calc@Ccount=\count181
\calc@Cskip=\skip79
)
\pgf@logicalpages=\count182
\pgf@firstshipout=\count183
\pgf@lastshipout=\count184
\pgf@currentshipout=\count185
\pgf@cpn=\count186
\pgf@shipoutnextto=\count187
\pgfphysicalheight=\dimen288
\pgfphysicalwidth=\dimen289
\pgfpages@shipoutbox=\box65
)
Package hyperref Info: Option `colorlinks' set `false' on input line 75.
\beamer@fancy@lineup=\skip80
\beamer@fancy@linemid=\skip81
\beamer@fancy@linebottom=\skip82
\headerheight=\skip83
\beamer@fancy@normalmargin=\skip84
LaTeX Info: Redefining \emph on input line 135.

(/usr/share/texlive/texmf-dist/tex/latex/biblatex/biblatex.sty
Package: biblatex 2017/12/19 v3.10 programmable bibliographies (PK/JW/AB)

(/usr/share/texlive/texmf-dist/tex/latex/logreq/logreq.sty
Package: logreq 2010/08/04 v1.0 xml request logger
\lrq@indent=\count188

(/usr/share/texlive/texmf-dist/tex/latex/logreq/logreq.def
File: logreq.def 2010/08/04 v1.0 logreq spec v1.0
))
(/usr/share/texlive/texmf-dist/tex/latex/base/ifthen.sty
Package: ifthen 2014/09/29 v1.1c Standard LaTeX ifthen package (DPC)
)
(/usr/share/texlive/texmf-dist/tex/generic/xstring/xstring.sty
(/usr/share/texlive/texmf-dist/tex/generic/xstring/xstring.tex
\@xs@message=\write5
\integerpart=\count189
\decimalpart=\count190
)
Package: xstring 2013/10/13  v1.7c  String manipulations (C Tellechea)
)
\c@tabx@nest=\count191
\c@listtotal=\count192
\c@listcount=\count193
\c@liststart=\count194
\c@liststop=\count195
\c@citecount=\count196
\c@citetotal=\count197
\c@multicitecount=\count198
\c@multicitetotal=\count199
\c@instcount=\count266
\c@maxnames=\count267
\c@minnames=\count268
\c@maxitems=\count269
\c@minitems=\count270
\c@citecounter=\count271
\c@savedcitecounter=\count272
\c@uniquelist=\count273
\c@uniquename=\count274
\c@refsection=\count275
\c@refsegment=\count276
\c@maxextratitle=\count277
\c@maxextratitleyear=\count278
\c@maxextradate=\count279
\c@maxextraalpha=\count280
\c@abbrvpenalty=\count281
\c@highnamepenalty=\count282
\c@lownamepenalty=\count283
\c@maxparens=\count284
\c@parenlevel=\count285
\blx@tempcnta=\count286
\blx@tempcntb=\count287
\blx@tempcntc=\count288
\blx@maxsection=\count289
\blx@maxsegment@0=\count290
\blx@notetype=\count291
\blx@parenlevel@text=\count292
\blx@parenlevel@foot=\count293
\blx@sectionciteorder@0=\count294
\labelnumberwidth=\skip85
\labelalphawidth=\skip86
\biblabelsep=\skip87
\bibitemsep=\skip88
\bibnamesep=\skip89
\bibinitsep=\skip90
\bibparsep=\skip91
\bibhang=\skip92
\blx@bcfin=\read2
\blx@bcfout=\write6
\c@mincomprange=\count295
\c@maxcomprange=\count296
\c@mincompwidth=\count297
Package biblatex Info: Trying to load biblatex default data model...
Package biblatex Info: ... file 'blx-dm.def' found.

(/usr/share/texlive/texmf-dist/tex/latex/biblatex/blx-dm.def)
Package biblatex Info: Trying to load biblatex style data model...
Package biblatex Info: ... file 'authoryear.dbx' not found.
Package biblatex Info: Trying to load biblatex custom data model...
Package biblatex Info: ... file 'biblatex-dm.cfg' not found.
\c@afterword=\count298
\c@savedafterword=\count299
\c@annotator=\count300
\c@savedannotator=\count301
\c@author=\count302
\c@savedauthor=\count303
\c@bookauthor=\count304
\c@savedbookauthor=\count305
\c@commentator=\count306
\c@savedcommentator=\count307
\c@editor=\count308
\c@savededitor=\count309
\c@editora=\count310
\c@savededitora=\count311
\c@editorb=\count312
\c@savededitorb=\count313
\c@editorc=\count314
\c@savededitorc=\count315
\c@foreword=\count316
\c@savedforeword=\count317
\c@holder=\count318
\c@savedholder=\count319
\c@introduction=\count320
\c@savedintroduction=\count321
\c@namea=\count322
\c@savednamea=\count323
\c@nameb=\count324
\c@savednameb=\count325
\c@namec=\count326
\c@savednamec=\count327
\c@translator=\count328
\c@savedtranslator=\count329
\c@shortauthor=\count330
\c@savedshortauthor=\count331
\c@shorteditor=\count332
\c@savedshorteditor=\count333
\c@labelname=\count334
\c@savedlabelname=\count335
\c@institution=\count336
\c@savedinstitution=\count337
\c@lista=\count338
\c@savedlista=\count339
\c@listb=\count340
\c@savedlistb=\count341
\c@listc=\count342
\c@savedlistc=\count343
\c@listd=\count344
\c@savedlistd=\count345
\c@liste=\count346
\c@savedliste=\count347
\c@listf=\count348
\c@savedlistf=\count349
\c@location=\count350
\c@savedlocation=\count351
\c@organization=\count352
\c@savedorganization=\count353
\c@origlocation=\count354
\c@savedoriglocation=\count355
\c@origpublisher=\count356
\c@savedorigpublisher=\count357
\c@publisher=\count358
\c@savedpublisher=\count359
\c@language=\count360
\c@savedlanguage=\count361
\c@origlanguage=\count362
\c@savedoriglanguage=\count363
\c@pageref=\count364
\c@savedpageref=\count365
\shorthandwidth=\skip93
\shortjournalwidth=\skip94
\shortserieswidth=\skip95
\shorttitlewidth=\skip96
\shortauthorwidth=\skip97
\shorteditorwidth=\skip98
Package biblatex Info: Trying to load compatibility code...
Package biblatex Info: ... file 'blx-compat.def' found.

(/usr/share/texlive/texmf-dist/tex/latex/biblatex/blx-compat.def
File: blx-compat.def 2017/12/19 v3.10 biblatex compatibility (PK/JW/AB)
)
Package biblatex Info: Trying to load generic definitions...
Package biblatex Info: ... file 'biblatex.def' found.

(/usr/share/texlive/texmf-dist/tex/latex/biblatex/biblatex.def
File: biblatex.def 2017/12/19 v3.10 biblatex compatibility (PK/JW/AB)
\c@textcitecount=\count366
\c@textcitetotal=\count367
\c@textcitemaxnames=\count368
\c@biburlnumpenalty=\count369
\c@biburlucpenalty=\count370
\c@biburllcpenalty=\count371
\c@smartand=\count372
)
Package biblatex Info: Trying to load bibliography style 'authoryear'...
Package biblatex Info: ... file 'authoryear.bbx' found.

(/usr/share/texlive/texmf-dist/tex/latex/biblatex/bbx/authoryear.bbx
File: authoryear.bbx 2017/12/19 v3.10 biblatex bibliography style (PK/JW/AB)
Package biblatex Info: Trying to load bibliography style 'standard'...
Package biblatex Info: ... file 'standard.bbx' found.

(/usr/share/texlive/texmf-dist/tex/latex/biblatex/bbx/standard.bbx
File: standard.bbx 2017/12/19 v3.10 biblatex bibliography style (PK/JW/AB)
\c@bbx:relatedcount=\count373
\c@bbx:relatedtotal=\count374
))
Package biblatex Info: Trying to load citation style 'authoryear'...
Package biblatex Info: ... file 'authoryear.cbx' found.

(/usr/share/texlive/texmf-dist/tex/latex/biblatex/cbx/authoryear.cbx
File: authoryear.cbx 2017/12/19 v3.10 biblatex citation style (PK/JW/AB)
Package biblatex Info: Redefining '\cite'.
Package biblatex Info: Redefining '\parencite'.
Package biblatex Info: Redefining '\footcite'.
Package biblatex Info: Redefining '\footcitetext'.
Package biblatex Info: Redefining '\smartcite'.
Package biblatex Info: Redefining '\textcite'.
Package biblatex Info: Redefining '\textcites'.
)
Package biblatex Info: Trying to load configuration file...
Package biblatex Info: ... file 'biblatex.cfg' found.

(/usr/share/texlive/texmf-dist/tex/latex/biblatex/biblatex.cfg
File: biblatex.cfg 
)))
(/usr/share/texlive/texmf-dist/tex/latex/caption/subcaption.sty
Package: subcaption 2016/05/22 v1.1-161 Sub-captions (AR)

(/usr/share/texlive/texmf-dist/tex/latex/caption/caption.sty
Package: caption 2016/02/21 v3.3-144 Customizing captions (AR)

(/usr/share/texlive/texmf-dist/tex/latex/caption/caption3.sty
Package: caption3 2016/05/22 v1.7-166 caption3 kernel (AR)
Package caption3 Info: TeX engine: e-TeX on input line 67.
\captionmargin=\dimen290
\captionmargin@=\dimen291
\captionwidth=\dimen292
\caption@tempdima=\dimen293
\caption@indent=\dimen294
\caption@parindent=\dimen295
\caption@hangindent=\dimen296
)
\c@ContinuedFloat=\count375
Package caption Info: beamer document class.
Package caption Info: hyperref package is loaded.
Package caption Info: Hyperref support is turned off
(caption)             because hyperref has stopped early.
Package caption Info: listings package is loaded.
)
\c@subfigure=\count376
\c@subtable=\count377
)
Package biblatex Info: Trying to load language 'english'...
Package biblatex Info: ... file 'english.lbx' found.

(/usr/share/texlive/texmf-dist/tex/latex/biblatex/lbx/english.lbx
File: english.lbx 2017/12/19 v3.10 biblatex localization (PK/JW/AB)
)
\@quotelevel=\count378
\@quotereset=\count379

(./DBPresentation_LukasStoeckli_ManuelRickli.aux)
\openout1 = `DBPresentation_LukasStoeckli_ManuelRickli.aux'.

LaTeX Font Info:    Checking defaults for OML/cmm/m/it on input line 46.
LaTeX Font Info:    ... okay on input line 46.
LaTeX Font Info:    Checking defaults for T1/cmr/m/n on input line 46.
LaTeX Font Info:    ... okay on input line 46.
LaTeX Font Info:    Checking defaults for OT1/cmr/m/n on input line 46.
LaTeX Font Info:    ... okay on input line 46.
LaTeX Font Info:    Checking defaults for OMS/cmsy/m/n on input line 46.
LaTeX Font Info:    ... okay on input line 46.
LaTeX Font Info:    Checking defaults for OMX/cmex/m/n on input line 46.
LaTeX Font Info:    ... okay on input line 46.
LaTeX Font Info:    Checking defaults for U/cmr/m/n on input line 46.
LaTeX Font Info:    ... okay on input line 46.
LaTeX Font Info:    Checking defaults for PD1/pdf/m/n on input line 46.
LaTeX Font Info:    ... okay on input line 46.

*geometry* driver: auto-detecting
*geometry* detected driver: pdftex
*geometry* verbose mode - [ preamble ] result:
* driver: pdftex
* paper: custom
* layout: <same size as paper>
* layoutoffset:(h,v)=(0.0pt,0.0pt)
* modes: includehead includefoot 
* h-part:(L,W,R)=(21.85083pt, 320.4937pt, 21.85083pt)
* v-part:(T,H,B)=(0.0pt, 273.14662pt, 0.0pt)
* \paperwidth=364.19536pt
* \paperheight=273.14662pt
* \textwidth=320.4937pt
* \textheight=244.6939pt
* \oddsidemargin=-50.41916pt
* \evensidemargin=-50.41916pt
* \topmargin=-72.26999pt
* \headheight=14.22636pt
* \headsep=0.0pt
* \topskip=11.0pt
* \footskip=14.22636pt
* \marginparwidth=4.0pt
* \marginparsep=10.0pt
* \columnsep=10.0pt
* \skip\footins=10.0pt plus 4.0pt minus 2.0pt
* \hoffset=0.0pt
* \voffset=0.0pt
* \mag=1000
* \@twocolumnfalse
* \@twosidefalse
* \@mparswitchfalse
* \@reversemarginfalse
* (1in=72.27pt=25.4mm, 1cm=28.453pt)

(/usr/share/texlive/texmf-dist/tex/context/base/mkii/supp-pdf.mkii
[Loading MPS to PDF converter (version 2006.09.02).]
\scratchcounter=\count380
\scratchdimen=\dimen297
\scratchbox=\box66
\nofMPsegments=\count381
\nofMParguments=\count382
\everyMPshowfont=\toks52
\MPscratchCnt=\count383
\MPscratchDim=\dimen298
\MPnumerator=\count384
\makeMPintoPDFobject=\count385
\everyMPtoPDFconversion=\toks53
) (/usr/share/texlive/texmf-dist/tex/latex/oberdiek/epstopdf-base.sty
Package: epstopdf-base 2016/05/15 v2.6 Base part for package epstopdf

(/usr/share/texlive/texmf-dist/tex/latex/oberdiek/grfext.sty
Package: grfext 2016/05/16 v1.2 Manage graphics extensions (HO)
)
Package epstopdf-base Info: Redefining graphics rule for `.eps' on input line 4
38.
Package grfext Info: Graphics extension search list:
(grfext)             [.pdf,.png,.jpg,.mps,.jpeg,.jbig2,.jb2,.PDF,.PNG,.JPG,.JPE
G,.JBIG2,.JB2,.eps]
(grfext)             \AppendGraphicsExtensions on input line 456.

(/usr/share/texlive/texmf-dist/tex/latex/latexconfig/epstopdf-sys.cfg
File: epstopdf-sys.cfg 2010/07/13 v1.3 Configuration of (r)epstopdf for TeX Liv
e
))
ABD: EveryShipout initializing macros
\AtBeginShipoutBox=\box67
Package hyperref Info: Link coloring OFF on input line 46.

(/usr/share/texlive/texmf-dist/tex/latex/hyperref/nameref.sty
Package: nameref 2016/05/21 v2.44 Cross-referencing by name of section

(/usr/share/texlive/texmf-dist/tex/generic/oberdiek/gettitlestring.sty
Package: gettitlestring 2016/05/16 v1.5 Cleanup title references (HO)
)
\c@section@level=\count386
)
LaTeX Info: Redefining \ref on input line 46.
LaTeX Info: Redefining \pageref on input line 46.
LaTeX Info: Redefining \nameref on input line 46.

(./DBPresentation_LukasStoeckli_ManuelRickli.out)
(./DBPresentation_LukasStoeckli_ManuelRickli.out)
\@outlinefile=\write7
\openout7 = `DBPresentation_LukasStoeckli_ManuelRickli.out'.

LaTeX Font Info:    Overwriting symbol font `operators' in version `normal'
(Font)                  OT1/cmr/m/n --> OT1/cmss/m/n on input line 46.
LaTeX Font Info:    Overwriting symbol font `operators' in version `bold'
(Font)                  OT1/cmr/bx/n --> OT1/cmss/bx/n on input line 46.
\symnumbers=\mathgroup6
\sympureletters=\mathgroup7
LaTeX Font Info:    Overwriting math alphabet `\mathrm' in version `normal'
(Font)                  OT1/cmss/m/n --> OT1/cmr/m/n on input line 46.
LaTeX Font Info:    Redeclaring math alphabet \mathbf on input line 46.
LaTeX Font Info:    Overwriting math alphabet `\mathbf' in version `normal'
(Font)                  OT1/cmr/bx/n --> OT1/cmss/bx/n on input line 46.
LaTeX Font Info:    Overwriting math alphabet `\mathbf' in version `bold'
(Font)                  OT1/cmr/bx/n --> OT1/cmss/bx/n on input line 46.
LaTeX Font Info:    Redeclaring math alphabet \mathsf on input line 46.
LaTeX Font Info:    Overwriting math alphabet `\mathsf' in version `normal'
(Font)                  OT1/cmss/m/n --> OT1/cmss/m/n on input line 46.
LaTeX Font Info:    Overwriting math alphabet `\mathsf' in version `bold'
(Font)                  OT1/cmss/bx/n --> OT1/cmss/m/n on input line 46.
LaTeX Font Info:    Redeclaring math alphabet \mathit on input line 46.
LaTeX Font Info:    Overwriting math alphabet `\mathit' in version `normal'
(Font)                  OT1/cmr/m/it --> OT1/cmss/m/it on input line 46.
LaTeX Font Info:    Overwriting math alphabet `\mathit' in version `bold'
(Font)                  OT1/cmr/bx/it --> OT1/cmss/m/it on input line 46.
LaTeX Font Info:    Redeclaring math alphabet \mathtt on input line 46.
LaTeX Font Info:    Overwriting math alphabet `\mathtt' in version `normal'
(Font)                  OT1/cmtt/m/n --> OT1/cmtt/m/n on input line 46.
LaTeX Font Info:    Overwriting math alphabet `\mathtt' in version `bold'
(Font)                  OT1/cmtt/m/n --> OT1/cmtt/m/n on input line 46.
LaTeX Font Info:    Overwriting symbol font `numbers' in version `bold'
(Font)                  OT1/cmss/m/n --> OT1/cmss/bx/n on input line 46.
LaTeX Font Info:    Overwriting symbol font `pureletters' in version `bold'
(Font)                  OT1/cmss/m/it --> OT1/cmss/bx/it on input line 46.
LaTeX Font Info:    Overwriting math alphabet `\mathrm' in version `bold'
(Font)                  OT1/cmss/bx/n --> OT1/cmr/bx/n on input line 46.
LaTeX Font Info:    Overwriting math alphabet `\mathbf' in version `bold'
(Font)                  OT1/cmss/bx/n --> OT1/cmss/bx/n on input line 46.
LaTeX Font Info:    Overwriting math alphabet `\mathsf' in version `bold'
(Font)                  OT1/cmss/m/n --> OT1/cmss/bx/n on input line 46.
LaTeX Font Info:    Overwriting math alphabet `\mathit' in version `bold'
(Font)                  OT1/cmss/m/it --> OT1/cmss/bx/it on input line 46.
LaTeX Font Info:    Overwriting math alphabet `\mathtt' in version `bold'
(Font)                  OT1/cmtt/m/n --> OT1/cmtt/bx/n on input line 46.
LaTeX Font Info:    Redeclaring symbol font `pureletters' on input line 46.
LaTeX Font Info:    Overwriting symbol font `pureletters' in version `normal'
(Font)                  OT1/cmss/m/it --> OT1/mathkerncmss/m/sl on input line 4
6.
LaTeX Font Info:    Overwriting symbol font `pureletters' in version `bold'
(Font)                  OT1/cmss/bx/it --> OT1/mathkerncmss/m/sl on input line 
46.
LaTeX Font Info:    Overwriting symbol font `pureletters' in version `bold'
(Font)                  OT1/mathkerncmss/m/sl --> OT1/mathkerncmss/bx/sl on inp
ut line 46.

(/usr/share/texlive/texmf-dist/tex/latex/translator/translator-basic-dictionary
-English.dict
Dictionary: translator-basic-dictionary, Language: English 
)
(/usr/share/texlive/texmf-dist/tex/latex/translator/translator-bibliography-dic
tionary-English.dict
Dictionary: translator-bibliography-dictionary, Language: English 
)
(/usr/share/texlive/texmf-dist/tex/latex/translator/translator-environment-dict
ionary-English.dict
Dictionary: translator-environment-dictionary, Language: English 
)
(/usr/share/texlive/texmf-dist/tex/latex/translator/translator-months-dictionar
y-English.dict
Dictionary: translator-months-dictionary, Language: English 
)
(/usr/share/texlive/texmf-dist/tex/latex/translator/translator-numbers-dictiona
ry-English.dict
Dictionary: translator-numbers-dictionary, Language: English 
)
(/usr/share/texlive/texmf-dist/tex/latex/translator/translator-theorem-dictiona
ry-English.dict
Dictionary: translator-theorem-dictionary, Language: English 
) ABD: EverySelectfont initializing macros
LaTeX Info: Redefining \selectfont on input line 46.
\c@lstlisting=\count387
Package biblatex Info: Input encoding 'utf8' detected.
Package biblatex Info: Automatic encoding selection.
(biblatex)             Assuming data encoding 'utf8'.
\openout6 = `DBPresentation_LukasStoeckli_ManuelRickli.bcf'.

Package biblatex Info: Trying to load bibliographic data...
Package biblatex Info: ... file 'DBPresentation_LukasStoeckli_ManuelRickli.bbl'
 not found.

No file DBPresentation_LukasStoeckli_ManuelRickli.bbl.
Package biblatex Info: Reference section=0 on input line 46.
Package biblatex Info: Reference segment=0 on input line 46.
Package caption Info: Begin \AtBeginDocument code.
Package caption Info: End \AtBeginDocument code.
(./DBPresentation_LukasStoeckli_ManuelRickli.nav)
<Template/header.pdf, id=14, 113.8112pt x 36.98878pt>
File: Template/header.pdf Graphic file (type pdf)
<use Template/header.pdf>
Package pdftex.def Info: Template/header.pdf  used on input line 49.
(pdftex.def)             Requested size: 74.87074pt x 24.33327pt.
LaTeX Font Info:    Try loading font information for OML+cmss on input line 49.

LaTeX Font Info:    No file OMLcmss.fd. on input line 49.


LaTeX Font Warning: Font shape `OML/cmss/m/n' undefined
(Font)              using `OML/cmm/m/it' instead
(Font)              for symbol `textless' on input line 49.

[1

{/var/lib/texmf/fonts/map/pdftex/updmap/pdftex.map} <./Template/header.pdf>]
(/usr/share/texlive/texmf-dist/tex/latex/amsfonts/umsa.fd)
(/usr/share/texlive/texmf-dist/tex/latex/amsfonts/umsb.fd)
(/usr/share/texlive/texmf-dist/tex/latex/sansmathaccent/ot1mathkerncmss.fd)
[2

] [3

] [4

]
<Template/listelement.pdf, id=63, 257.96375pt x 526.96875pt>
File: Template/listelement.pdf Graphic file (type pdf)
<use Template/listelement.pdf>
Package pdftex.def Info: Template/listelement.pdf  used on input line 102.
(pdftex.def)             Requested size: 3.4796pt x 7.11113pt.
File: Template/listelement.pdf Graphic file (type pdf)
<use Template/listelement.pdf>
Package pdftex.def Info: Template/listelement.pdf  used on input line 102.
(pdftex.def)             Requested size: 2.78288pt x 5.6889pt.
File: Template/listelement.pdf Graphic file (type pdf)
<use Template/listelement.pdf>
Package pdftex.def Info: Template/listelement.pdf  used on input line 102.
(pdftex.def)             Requested size: 2.78288pt x 5.6889pt.
File: Template/listelement.pdf Graphic file (type pdf)
<use Template/listelement.pdf>
Package pdftex.def Info: Template/listelement.pdf  used on input line 102.
(pdftex.def)             Requested size: 2.78288pt x 5.6889pt.
 [5

 <./Template/listelement.pdf>]
<../Output/Rain-Attack/rain11-5_starDiagram.pdf, id=79, 514.62907pt x 343.21567
pt>
File: ../Output/Rain-Attack/rain11-5_starDiagram.pdf Graphic file (type pdf)
<use ../Output/Rain-Attack/rain11-5_starDiagram.pdf>
Package pdftex.def Info: ../Output/Rain-Attack/rain11-5_starDiagram.pdf  used o
n input line 111.
(pdftex.def)             Requested size: 256.39594pt x 170.99467pt.
 [6

 <../Output/Rain-Attack/rain11-5_starDiagram.pdf>]
File: Template/listelement.pdf Graphic file (type pdf)
<use Template/listelement.pdf>
Package pdftex.def Info: Template/listelement.pdf  used on input line 142.
(pdftex.def)             Requested size: 3.4796pt x 7.11113pt.
File: Template/listelement.pdf Graphic file (type pdf)
<use Template/listelement.pdf>
Package pdftex.def Info: Template/listelement.pdf  used on input line 142.
(pdftex.def)             Requested size: 2.78288pt x 5.6889pt.
<../Output/Rain-Attack/rain0_starDiagram.pdf, id=139, 514.5781pt x 343.21725pt>

File: ../Output/Rain-Attack/rain0_starDiagram.pdf Graphic file (type pdf)
<use ../Output/Rain-Attack/rain0_starDiagram.pdf>
Package pdftex.def Info: ../Output/Rain-Attack/rain0_starDiagram.pdf  used on i
nput line 142.
(pdftex.def)             Requested size: 96.14908pt x 64.12787pt.
<../Output/Rain-Attack/rain01-1_starDiagram.pdf, id=140, 514.63287pt x 343.2488
7pt>
File: ../Output/Rain-Attack/rain01-1_starDiagram.pdf Graphic file (type pdf)
<use ../Output/Rain-Attack/rain01-1_starDiagram.pdf>
Package pdftex.def Info: ../Output/Rain-Attack/rain01-1_starDiagram.pdf  used o
n input line 142.
(pdftex.def)             Requested size: 96.14908pt x 64.12854pt.
File: ../Output/Rain-Attack/rain11-5_starDiagram.pdf Graphic file (type pdf)
<use ../Output/Rain-Attack/rain11-5_starDiagram.pdf>
Package pdftex.def Info: ../Output/Rain-Attack/rain11-5_starDiagram.pdf  used o
n input line 142.
(pdftex.def)             Requested size: 96.14908pt x 64.12234pt.
<../Output/Rain-Attack/rain51-20_starDiagram.pdf, id=141, 514.59323pt x 343.217
35pt>
File: ../Output/Rain-Attack/rain51-20_starDiagram.pdf Graphic file (type pdf)
<use ../Output/Rain-Attack/rain51-20_starDiagram.pdf>
Package pdftex.def Info: ../Output/Rain-Attack/rain51-20_starDiagram.pdf  used 
on input line 142.
(pdftex.def)             Requested size: 96.14908pt x 64.12788pt.
<../Output/Rain-Attack/rain>201_starDiagram.pdf, id=142, 514.70032pt x 343.2172
5pt>
File: ../Output/Rain-Attack/rain>201_starDiagram.pdf Graphic file (type pdf)
<use ../Output/Rain-Attack/rain>201_starDiagram.pdf>
Package pdftex.def Info: ../Output/Rain-Attack/rain>201_starDiagram.pdf  used o
n input line 142.
(pdftex.def)             Requested size: 96.14908pt x 64.11217pt.
 [7

 <../Output/Rain-Attack/rain0_starDiagram.pdf> <../Output/Rain-Attack/rain01-1_
starDiagram.pdf

pdfTeX warning: pdflatex (file ../Output/Rain-Attack/rain01-1_starDiagram.pdf):
 PDF inclusion: multiple pdfs with page group included in a single page
> <../Output/Rain-Attack/rain51-20_starDiagram.pdf

pdfTeX warning: pdflatex (file ../Output/Rain-Attack/rain51-20_starDiagram.pdf)
: PDF inclusion: multiple pdfs with page group included in a single page
> <../Output/Rain-Attack/rain>201_starDiagram.pdf

pdfTeX warning: pdflatex (file ../Output/Rain-Attack/rain>201_starDiagram.pdf):
 PDF inclusion: multiple pdfs with page group included in a single page
>]
File: Template/listelement.pdf Graphic file (type pdf)
<use Template/listelement.pdf>
Package pdftex.def Info: Template/listelement.pdf  used on input line 177.
(pdftex.def)             Requested size: 3.4796pt x 7.11113pt.
File: Template/listelement.pdf Graphic file (type pdf)
<use Template/listelement.pdf>
Package pdftex.def Info: Template/listelement.pdf  used on input line 177.
(pdftex.def)             Requested size: 2.78288pt x 5.6889pt.
<../Output/Temp-Attack/temp<-100_starDiagram.pdf, id=351, 465.14516pt x 341.814
71pt>
File: ../Output/Temp-Attack/temp<-100_starDiagram.pdf Graphic file (type pdf)
<use ../Output/Temp-Attack/temp<-100_starDiagram.pdf>
Package pdftex.def Info: ../Output/Temp-Attack/temp<-100_starDiagram.pdf  used 
on input line 177.
(pdftex.def)             Requested size: 96.14908pt x 70.6514pt.
<../Output/Temp-Attack/temp-101-0_starDiagram.pdf, id=352, 514.6053pt x 343.545
6pt>
File: ../Output/Temp-Attack/temp-101-0_starDiagram.pdf Graphic file (type pdf)
<use ../Output/Temp-Attack/temp-101-0_starDiagram.pdf>
Package pdftex.def Info: ../Output/Temp-Attack/temp-101-0_starDiagram.pdf  used
 on input line 177.
(pdftex.def)             Requested size: 96.14908pt x 64.18398pt.
<../Output/Temp-Attack/temp1-100_starDiagram.pdf, id=353, 514.0628pt x 343.4590
6pt>
File: ../Output/Temp-Attack/temp1-100_starDiagram.pdf Graphic file (type pdf)
<use ../Output/Temp-Attack/temp1-100_starDiagram.pdf>
Package pdftex.def Info: ../Output/Temp-Attack/temp1-100_starDiagram.pdf  used 
on input line 177.
(pdftex.def)             Requested size: 96.14908pt x 64.23595pt.
<../Output/Temp-Attack/temp101-200_starDiagram.pdf, id=354, 514.02777pt x 343.4
6338pt>
File: ../Output/Temp-Attack/temp101-200_starDiagram.pdf Graphic file (type pdf)

<use ../Output/Temp-Attack/temp101-200_starDiagram.pdf>
Package pdftex.def Info: ../Output/Temp-Attack/temp101-200_starDiagram.pdf  use
d on input line 177.
(pdftex.def)             Requested size: 96.14908pt x 64.24199pt.
<../Output/Temp-Attack/temp201-300_starDiagram.pdf, id=355, 514.02592pt x 343.4
6317pt>
File: ../Output/Temp-Attack/temp201-300_starDiagram.pdf Graphic file (type pdf)

<use ../Output/Temp-Attack/temp201-300_starDiagram.pdf>
Package pdftex.def Info: ../Output/Temp-Attack/temp201-300_starDiagram.pdf  use
d on input line 177.
(pdftex.def)             Requested size: 96.14908pt x 64.24196pt.
<../Output/Temp-Attack/temp>301_starDiagram.pdf, id=356, 514.03763pt x 343.4631
7pt>
File: ../Output/Temp-Attack/temp>301_starDiagram.pdf Graphic file (type pdf)
<use ../Output/Temp-Attack/temp>301_starDiagram.pdf>
Package pdftex.def Info: ../Output/Temp-Attack/temp>301_starDiagram.pdf  used o
n input line 177.
(pdftex.def)             Requested size: 96.14908pt x 64.24196pt.
 [8

 <../Output/Temp-Attack/temp<-100_starDiagram.pdf> <../Output/Temp-Attack/temp-
101-0_starDiagram.pdf

pdfTeX warning: pdflatex (file ../Output/Temp-Attack/temp-101-0_starDiagram.pdf
): PDF inclusion: multiple pdfs with page group included in a single page
> <../Output/Temp-Attack/temp1-100_starDiagram.pdf

pdfTeX warning: pdflatex (file ../Output/Temp-Attack/temp1-100_starDiagram.pdf)
: PDF inclusion: multiple pdfs with page group included in a single page
> <../Output/Temp-Attack/temp101-200_starDiagram.pdf

pdfTeX warning: pdflatex (file ../Output/Temp-Attack/temp101-200_starDiagram.pd
f): PDF inclusion: multiple pdfs with page group included in a single page
> <../Output/Temp-Attack/temp201-300_starDiagram.pdf

pdfTeX warning: pdflatex (file ../Output/Temp-Attack/temp201-300_starDiagram.pd
f): PDF inclusion: multiple pdfs with page group included in a single page
> <../Output/Temp-Attack/temp>301_starDiagram.pdf

pdfTeX warning: pdflatex (file ../Output/Temp-Attack/temp>301_starDiagram.pdf):
 PDF inclusion: multiple pdfs with page group included in a single page
>]
<../Output/Rain-Target/rain11-5_starDiagram.pdf, id=684, 723.68549pt x 351.2361
3pt>
File: ../Output/Rain-Target/rain11-5_starDiagram.pdf Graphic file (type pdf)
<use ../Output/Rain-Target/rain11-5_starDiagram.pdf>
Package pdftex.def Info: ../Output/Rain-Target/rain11-5_starDiagram.pdf  used o
n input line 186.
(pdftex.def)             Requested size: 320.4937pt x 155.55194pt.
 [9

 <../Output/Rain-Target/rain11-5_starDiagram.pdf>]
File: Template/listelement.pdf Graphic file (type pdf)
<use Template/listelement.pdf>
Package pdftex.def Info: Template/listelement.pdf  used on input line 217.
(pdftex.def)             Requested size: 3.4796pt x 7.11113pt.
File: Template/listelement.pdf Graphic file (type pdf)
<use Template/listelement.pdf>
Package pdftex.def Info: Template/listelement.pdf  used on input line 217.
(pdftex.def)             Requested size: 2.78288pt x 5.6889pt.
<../Output/Rain-Target/rain0_starDiagram.pdf, id=750, 723.2009pt x 350.9822pt>
File: ../Output/Rain-Target/rain0_starDiagram.pdf Graphic file (type pdf)
<use ../Output/Rain-Target/rain0_starDiagram.pdf>
Package pdftex.def Info: ../Output/Rain-Target/rain0_starDiagram.pdf  used on i
nput line 217.
(pdftex.def)             Requested size: 96.14908pt x 46.6629pt.
<../Output/Rain-Target/rain01-1_starDiagram.pdf, id=751, 723.99983pt x 351.4188
pt>
File: ../Output/Rain-Target/rain01-1_starDiagram.pdf Graphic file (type pdf)
<use ../Output/Rain-Target/rain01-1_starDiagram.pdf>
Package pdftex.def Info: ../Output/Rain-Target/rain01-1_starDiagram.pdf  used o
n input line 217.
(pdftex.def)             Requested size: 96.14908pt x 46.66733pt.
File: ../Output/Rain-Target/rain11-5_starDiagram.pdf Graphic file (type pdf)
<use ../Output/Rain-Target/rain11-5_starDiagram.pdf>
Package pdftex.def Info: ../Output/Rain-Target/rain11-5_starDiagram.pdf  used o
n input line 217.
(pdftex.def)             Requested size: 96.14908pt x 46.6645pt.
<../Output/Rain-Target/rain51-20_starDiagram.pdf, id=752, 723.68953pt x 351.239
14pt>
File: ../Output/Rain-Target/rain51-20_starDiagram.pdf Graphic file (type pdf)
<use ../Output/Rain-Target/rain51-20_starDiagram.pdf>
Package pdftex.def Info: ../Output/Rain-Target/rain51-20_starDiagram.pdf  used 
on input line 217.
(pdftex.def)             Requested size: 96.14908pt x 46.6649pt.
<../Output/Rain-Target/rain>201_starDiagram.pdf, id=753, 723.92865pt x 351.3647
9pt>
File: ../Output/Rain-Target/rain>201_starDiagram.pdf Graphic file (type pdf)
<use ../Output/Rain-Target/rain>201_starDiagram.pdf>
Package pdftex.def Info: ../Output/Rain-Target/rain>201_starDiagram.pdf  used o
n input line 217.
(pdftex.def)             Requested size: 96.14908pt x 46.66551pt.
 [10

 <../Output/Rain-Target/rain0_starDiagram.pdf> <../Output/Rain-Target/rain01-1_
starDiagram.pdf

pdfTeX warning: pdflatex (file ../Output/Rain-Target/rain01-1_starDiagram.pdf):
 PDF inclusion: multiple pdfs with page group included in a single page
> <../Output/Rain-Target/rain51-20_starDiagram.pdf

pdfTeX warning: pdflatex (file ../Output/Rain-Target/rain51-20_starDiagram.pdf)
: PDF inclusion: multiple pdfs with page group included in a single page
> <../Output/Rain-Target/rain>201_starDiagram.pdf

pdfTeX warning: pdflatex (file ../Output/Rain-Target/rain>201_starDiagram.pdf):
 PDF inclusion: multiple pdfs with page group included in a single page
>]
File: Template/listelement.pdf Graphic file (type pdf)
<use Template/listelement.pdf>
Package pdftex.def Info: Template/listelement.pdf  used on input line 252.
(pdftex.def)             Requested size: 3.4796pt x 7.11113pt.
File: Template/listelement.pdf Graphic file (type pdf)
<use Template/listelement.pdf>
Package pdftex.def Info: Template/listelement.pdf  used on input line 252.
(pdftex.def)             Requested size: 2.78288pt x 5.6889pt.
<../Output/Temp-Target/temp<-100_starDiagram.pdf, id=990, 736.17104pt x 356.847
67pt>
File: ../Output/Temp-Target/temp<-100_starDiagram.pdf Graphic file (type pdf)
<use ../Output/Temp-Target/temp<-100_starDiagram.pdf>
Package pdftex.def Info: ../Output/Temp-Target/temp<-100_starDiagram.pdf  used 
on input line 252.
(pdftex.def)             Requested size: 96.14908pt x 46.60417pt.
<../Output/Temp-Target/temp-101-0_starDiagram.pdf, id=991, 724.22406pt x 352.11
03pt>
File: ../Output/Temp-Target/temp-101-0_starDiagram.pdf Graphic file (type pdf)
<use ../Output/Temp-Target/temp-101-0_starDiagram.pdf>
Package pdftex.def Info: ../Output/Temp-Target/temp-101-0_starDiagram.pdf  used
 on input line 252.
(pdftex.def)             Requested size: 96.14908pt x 46.74304pt.
<../Output/Temp-Target/temp1-100_starDiagram.pdf, id=992, 722.76163pt x 351.296
14pt>
File: ../Output/Temp-Target/temp1-100_starDiagram.pdf Graphic file (type pdf)
<use ../Output/Temp-Target/temp1-100_starDiagram.pdf>
Package pdftex.def Info: ../Output/Temp-Target/temp1-100_starDiagram.pdf  used 
on input line 252.
(pdftex.def)             Requested size: 96.14908pt x 46.73145pt.
<../Output/Temp-Target/temp101-200_starDiagram.pdf, id=993, 722.77156pt x 351.3
0362pt>
File: ../Output/Temp-Target/temp101-200_starDiagram.pdf Graphic file (type pdf)

<use ../Output/Temp-Target/temp101-200_starDiagram.pdf>
Package pdftex.def Info: ../Output/Temp-Target/temp101-200_starDiagram.pdf  use
d on input line 252.
(pdftex.def)             Requested size: 96.14908pt x 46.73244pt.
<../Output/Temp-Target/temp201-300_starDiagram.pdf, id=994, 722.67941pt x 351.2
5507pt>
File: ../Output/Temp-Target/temp201-300_starDiagram.pdf Graphic file (type pdf)

<use ../Output/Temp-Target/temp201-300_starDiagram.pdf>
Package pdftex.def Info: ../Output/Temp-Target/temp201-300_starDiagram.pdf  use
d on input line 252.
(pdftex.def)             Requested size: 96.14908pt x 46.73134pt.
<../Output/Temp-Target/temp>301_starDiagram.pdf, id=995, 723.11316pt x 351.4831
2pt>
File: ../Output/Temp-Target/temp>301_starDiagram.pdf Graphic file (type pdf)
<use ../Output/Temp-Target/temp>301_starDiagram.pdf>
Package pdftex.def Info: ../Output/Temp-Target/temp>301_starDiagram.pdf  used o
n input line 252.
(pdftex.def)             Requested size: 96.14908pt x 46.73486pt.
 [11

 <../Output/Temp-Target/temp<-100_starDiagram.pdf> <../Output/Temp-Target/temp-
101-0_starDiagram.pdf

pdfTeX warning: pdflatex (file ../Output/Temp-Target/temp-101-0_starDiagram.pdf
): PDF inclusion: multiple pdfs with page group included in a single page
> <../Output/Temp-Target/temp1-100_starDiagram.pdf

pdfTeX warning: pdflatex (file ../Output/Temp-Target/temp1-100_starDiagram.pdf)
: PDF inclusion: multiple pdfs with page group included in a single page
> <../Output/Temp-Target/temp101-200_starDiagram.pdf

pdfTeX warning: pdflatex (file ../Output/Temp-Target/temp101-200_starDiagram.pd
f): PDF inclusion: multiple pdfs with page group included in a single page
> <../Output/Temp-Target/temp201-300_starDiagram.pdf

pdfTeX warning: pdflatex (file ../Output/Temp-Target/temp201-300_starDiagram.pd
f): PDF inclusion: multiple pdfs with page group included in a single page
> <../Output/Temp-Target/temp>301_starDiagram.pdf

pdfTeX warning: pdflatex (file ../Output/Temp-Target/temp>301_starDiagram.pdf):
 PDF inclusion: multiple pdfs with page group included in a single page
>]
<../Output/Rain-Weapon/rain11-5_starDiagram.pdf, id=1348, 492.46959pt x 351.027
04pt>
File: ../Output/Rain-Weapon/rain11-5_starDiagram.pdf Graphic file (type pdf)
<use ../Output/Rain-Weapon/rain11-5_starDiagram.pdf>
Package pdftex.def Info: ../Output/Rain-Weapon/rain11-5_starDiagram.pdf  used o
n input line 261.
(pdftex.def)             Requested size: 256.39594pt x 182.76541pt.
 [12

 <../Output/Rain-Weapon/rain11-5_starDiagram.pdf>]
File: Template/listelement.pdf Graphic file (type pdf)
<use Template/listelement.pdf>
Package pdftex.def Info: Template/listelement.pdf  used on input line 292.
(pdftex.def)             Requested size: 3.4796pt x 7.11113pt.
File: Template/listelement.pdf Graphic file (type pdf)
<use Template/listelement.pdf>
Package pdftex.def Info: Template/listelement.pdf  used on input line 292.
(pdftex.def)             Requested size: 2.78288pt x 5.6889pt.
<../Output/Rain-Weapon/rain0_starDiagram.pdf, id=1411, 492.40686pt x 350.98712p
t>
File: ../Output/Rain-Weapon/rain0_starDiagram.pdf Graphic file (type pdf)
<use ../Output/Rain-Weapon/rain0_starDiagram.pdf>
Package pdftex.def Info: ../Output/Rain-Weapon/rain0_starDiagram.pdf  used on i
nput line 292.
(pdftex.def)             Requested size: 96.14908pt x 68.53593pt.
<../Output/Rain-Weapon/rain01-1_starDiagram.pdf, id=1412, 492.47284pt x 351.046
55pt>
File: ../Output/Rain-Weapon/rain01-1_starDiagram.pdf Graphic file (type pdf)
<use ../Output/Rain-Weapon/rain01-1_starDiagram.pdf>
Package pdftex.def Info: ../Output/Rain-Weapon/rain01-1_starDiagram.pdf  used o
n input line 292.
(pdftex.def)             Requested size: 96.14908pt x 68.53682pt.
File: ../Output/Rain-Weapon/rain11-5_starDiagram.pdf Graphic file (type pdf)
<use ../Output/Rain-Weapon/rain11-5_starDiagram.pdf>
Package pdftex.def Info: ../Output/Rain-Weapon/rain11-5_starDiagram.pdf  used o
n input line 292.
(pdftex.def)             Requested size: 96.14908pt x 68.533pt.
<../Output/Rain-Weapon/rain51-20_starDiagram.pdf, id=1413, 492.46748pt x 351.02
655pt>
File: ../Output/Rain-Weapon/rain51-20_starDiagram.pdf Graphic file (type pdf)
<use ../Output/Rain-Weapon/rain51-20_starDiagram.pdf>
Package pdftex.def Info: ../Output/Rain-Weapon/rain51-20_starDiagram.pdf  used 
on input line 292.
(pdftex.def)             Requested size: 96.14908pt x 68.53291pt.
<../Output/Rain-Weapon/rain>201_starDiagram.pdf, id=1414, 492.42943pt x 351.001
8pt>
File: ../Output/Rain-Weapon/rain>201_starDiagram.pdf Graphic file (type pdf)
<use ../Output/Rain-Weapon/rain>201_starDiagram.pdf>
Package pdftex.def Info: ../Output/Rain-Weapon/rain>201_starDiagram.pdf  used o
n input line 292.
(pdftex.def)             Requested size: 96.14908pt x 68.53343pt.
 [13

 <../Output/Rain-Weapon/rain0_starDiagram.pdf> <../Output/Rain-Weapon/rain01-1_
starDiagram.pdf

pdfTeX warning: pdflatex (file ../Output/Rain-Weapon/rain01-1_starDiagram.pdf):
 PDF inclusion: multiple pdfs with page group included in a single page
> <../Output/Rain-Weapon/rain51-20_starDiagram.pdf

pdfTeX warning: pdflatex (file ../Output/Rain-Weapon/rain51-20_starDiagram.pdf)
: PDF inclusion: multiple pdfs with page group included in a single page
> <../Output/Rain-Weapon/rain>201_starDiagram.pdf

pdfTeX warning: pdflatex (file ../Output/Rain-Weapon/rain>201_starDiagram.pdf):
 PDF inclusion: multiple pdfs with page group included in a single page
>]
File: Template/listelement.pdf Graphic file (type pdf)
<use Template/listelement.pdf>
Package pdftex.def Info: Template/listelement.pdf  used on input line 327.
(pdftex.def)             Requested size: 3.4796pt x 7.11113pt.
File: Template/listelement.pdf Graphic file (type pdf)
<use Template/listelement.pdf>
Package pdftex.def Info: Template/listelement.pdf  used on input line 327.
(pdftex.def)             Requested size: 2.78288pt x 5.6889pt.
<../Output/Temp-Weapon/temp<-100_starDiagram.pdf, id=1647, 498.97041pt x 354.93
593pt>
File: ../Output/Temp-Weapon/temp<-100_starDiagram.pdf Graphic file (type pdf)
<use ../Output/Temp-Weapon/temp<-100_starDiagram.pdf>
Package pdftex.def Info: ../Output/Temp-Weapon/temp<-100_starDiagram.pdf  used 
on input line 327.
(pdftex.def)             Requested size: 96.14908pt x 68.39171pt.
<../Output/Temp-Weapon/temp-101-0_starDiagram.pdf, id=1648, 492.80421pt x 351.8
3554pt>
File: ../Output/Temp-Weapon/temp-101-0_starDiagram.pdf Graphic file (type pdf)
<use ../Output/Temp-Weapon/temp-101-0_starDiagram.pdf>
Package pdftex.def Info: ../Output/Temp-Weapon/temp-101-0_starDiagram.pdf  used
 on input line 327.
(pdftex.def)             Requested size: 96.14908pt x 68.64255pt.
<../Output/Temp-Weapon/temp1-100_starDiagram.pdf, id=1649, 491.97096pt x 351.24
875pt>
File: ../Output/Temp-Weapon/temp1-100_starDiagram.pdf Graphic file (type pdf)
<use ../Output/Temp-Weapon/temp1-100_starDiagram.pdf>
Package pdftex.def Info: ../Output/Temp-Weapon/temp1-100_starDiagram.pdf  used 
on input line 327.
(pdftex.def)             Requested size: 96.14908pt x 68.64598pt.
<../Output/Temp-Weapon/temp101-200_starDiagram.pdf, id=1650, 491.92422pt x 351.
22064pt>
File: ../Output/Temp-Weapon/temp101-200_starDiagram.pdf Graphic file (type pdf)

<use ../Output/Temp-Weapon/temp101-200_starDiagram.pdf>
Package pdftex.def Info: ../Output/Temp-Weapon/temp101-200_starDiagram.pdf  use
d on input line 327.
(pdftex.def)             Requested size: 96.14908pt x 68.64584pt.
<../Output/Temp-Weapon/temp201-300_starDiagram.pdf, id=1651, 491.91953pt x 351.
21748pt>
File: ../Output/Temp-Weapon/temp201-300_starDiagram.pdf Graphic file (type pdf)

<use ../Output/Temp-Weapon/temp201-300_starDiagram.pdf>
Package pdftex.def Info: ../Output/Temp-Weapon/temp201-300_starDiagram.pdf  use
d on input line 327.
(pdftex.def)             Requested size: 96.14908pt x 68.64522pt.
<../Output/Temp-Weapon/temp>301_starDiagram.pdf, id=1652, 492.08911pt x 351.327
67pt>
File: ../Output/Temp-Weapon/temp>301_starDiagram.pdf Graphic file (type pdf)
<use ../Output/Temp-Weapon/temp>301_starDiagram.pdf>
Package pdftex.def Info: ../Output/Temp-Weapon/temp>301_starDiagram.pdf  used o
n input line 327.
(pdftex.def)             Requested size: 96.14908pt x 68.64531pt.
 [14

 <../Output/Temp-Weapon/temp<-100_starDiagram.pdf> <../Output/Temp-Weapon/temp-
101-0_starDiagram.pdf

pdfTeX warning: pdflatex (file ../Output/Temp-Weapon/temp-101-0_starDiagram.pdf
): PDF inclusion: multiple pdfs with page group included in a single page
> <../Output/Temp-Weapon/temp1-100_starDiagram.pdf

pdfTeX warning: pdflatex (file ../Output/Temp-Weapon/temp1-100_starDiagram.pdf)
: PDF inclusion: multiple pdfs with page group included in a single page
> <../Output/Temp-Weapon/temp101-200_starDiagram.pdf

pdfTeX warning: pdflatex (file ../Output/Temp-Weapon/temp101-200_starDiagram.pd
f): PDF inclusion: multiple pdfs with page group included in a single page
> <../Output/Temp-Weapon/temp201-300_starDiagram.pdf

pdfTeX warning: pdflatex (file ../Output/Temp-Weapon/temp201-300_starDiagram.pd
f): PDF inclusion: multiple pdfs with page group included in a single page
> <../Output/Temp-Weapon/temp>301_starDiagram.pdf

pdfTeX warning: pdflatex (file ../Output/Temp-Weapon/temp>301_starDiagram.pdf):
 PDF inclusion: multiple pdfs with page group included in a single page
>]
<../Output/Band-Terror/attacksVsBandsSplit.pdf, id=2008, 465.47775pt x 327.2031
7pt>
File: ../Output/Band-Terror/attacksVsBandsSplit.pdf Graphic file (type pdf)
<use ../Output/Band-Terror/attacksVsBandsSplit.pdf>
Package pdftex.def Info: ../Output/Band-Terror/attacksVsBandsSplit.pdf  used on
 input line 341.
(pdftex.def)             Requested size: 96.14908pt x 67.58633pt.
<../Output/Band-Terror/attacksVsBandsFormed.pdf, id=2009, 465.47775pt x 327.203
17pt>
File: ../Output/Band-Terror/attacksVsBandsFormed.pdf Graphic file (type pdf)
<use ../Output/Band-Terror/attacksVsBandsFormed.pdf>
Package pdftex.def Info: ../Output/Band-Terror/attacksVsBandsFormed.pdf  used o
n input line 341.
(pdftex.def)             Requested size: 96.14908pt x 67.58633pt.
<../Output/Band-Terror/attacksVsBandsExisting.pdf, id=2010, 471.86098pt x 327.2
0317pt>
File: ../Output/Band-Terror/attacksVsBandsExisting.pdf Graphic file (type pdf)
<use ../Output/Band-Terror/attacksVsBandsExisting.pdf>
Package pdftex.def Info: ../Output/Band-Terror/attacksVsBandsExisting.pdf  used
 on input line 341.
(pdftex.def)             Requested size: 208.31894pt x 144.45412pt.
 [15

 <../Output/Band-Terror/attacksVsBandsSplit.pdf> <../Output/Band-Terror/attacks
VsBandsFormed.pdf

pdfTeX warning: pdflatex (file ../Output/Band-Terror/attacksVsBandsFormed.pdf):
 PDF inclusion: multiple pdfs with page group included in a single page
> <../Output/Band-Terror/attacksVsBandsExisting.pdf

pdfTeX warning: pdflatex (file ../Output/Band-Terror/attacksVsBandsExisting.pdf
): PDF inclusion: multiple pdfs with page group included in a single page
>]
<../Output/Population-Bands/populationVsBandFinland.pdf, id=2119, 478.2442pt x 
327.20317pt>
File: ../Output/Population-Bands/populationVsBandFinland.pdf Graphic file (type
 pdf)
<use ../Output/Population-Bands/populationVsBandFinland.pdf>
Package pdftex.def Info: ../Output/Population-Bands/populationVsBandFinland.pdf
  used on input line 357.
(pdftex.def)             Requested size: 100.95628pt x 69.06917pt.
<../Output/Population-Bands/populationVsBandSweden.pdf, id=2120, 455.91077pt x 
327.20317pt>
File: ../Output/Population-Bands/populationVsBandSweden.pdf Graphic file (type 
pdf)
<use ../Output/Population-Bands/populationVsBandSweden.pdf>
Package pdftex.def Info: ../Output/Population-Bands/populationVsBandSweden.pdf 
 used on input line 357.
(pdftex.def)             Requested size: 96.14908pt x 69.00426pt.
<../Output/Population-Bands/populationVsBandGermany.pdf, id=2121, 449.52754pt x
 327.20317pt>
File: ../Output/Population-Bands/populationVsBandGermany.pdf Graphic file (type
 pdf)
<use ../Output/Population-Bands/populationVsBandGermany.pdf>
Package pdftex.def Info: ../Output/Population-Bands/populationVsBandGermany.pdf
  used on input line 357.
(pdftex.def)             Requested size: 96.14908pt x 69.98283pt.
 [16

 <../Output/Population-Bands/populationVsBandFinland.pdf> <../Output/Population
-Bands/populationVsBandSweden.pdf

pdfTeX warning: pdflatex (file ../Output/Population-Bands/populationVsBandSwede
n.pdf): PDF inclusion: multiple pdfs with page group included in a single page
> <../Output/Population-Bands/populationVsBandGermany.pdf

pdfTeX warning: pdflatex (file ../Output/Population-Bands/populationVsBandGerma
ny.pdf): PDF inclusion: multiple pdfs with page group included in a single page

>]
<../Output/Population-Bands/populationVsBandUkraine.pdf, id=2243, 443.14432pt x
 327.20317pt>
File: ../Output/Population-Bands/populationVsBandUkraine.pdf Graphic file (type
 pdf)
<use ../Output/Population-Bands/populationVsBandUkraine.pdf>
Package pdftex.def Info: ../Output/Population-Bands/populationVsBandUkraine.pdf
  used on input line 373.
(pdftex.def)             Requested size: 100.95628pt x 74.54118pt.
<../Output/Population-Bands/populationVsBandRomania.pdf, id=2244, 452.727pt x 3
27.20317pt>
File: ../Output/Population-Bands/populationVsBandRomania.pdf Graphic file (type
 pdf)
<use ../Output/Population-Bands/populationVsBandRomania.pdf>
Package pdftex.def Info: ../Output/Population-Bands/populationVsBandRomania.pdf
  used on input line 373.
(pdftex.def)             Requested size: 96.14908pt x 69.48856pt.
<../Output/Population-Bands/populationVsBandLatvia.pdf, id=2245, 471.86098pt x 
327.20317pt>
File: ../Output/Population-Bands/populationVsBandLatvia.pdf Graphic file (type 
pdf)
<use ../Output/Population-Bands/populationVsBandLatvia.pdf>
Package pdftex.def Info: ../Output/Population-Bands/populationVsBandLatvia.pdf 
 used on input line 373.
(pdftex.def)             Requested size: 96.14908pt x 66.67267pt.
 [17

 <../Output/Population-Bands/populationVsBandUkraine.pdf> <../Output/Population
-Bands/populationVsBandRomania.pdf

pdfTeX warning: pdflatex (file ../Output/Population-Bands/populationVsBandRoman
ia.pdf): PDF inclusion: multiple pdfs with page group included in a single page

> <../Output/Population-Bands/populationVsBandLatvia.pdf

pdfTeX warning: pdflatex (file ../Output/Population-Bands/populationVsBandLatvi
a.pdf): PDF inclusion: multiple pdfs with page group included in a single page
>]
\tf@nav=\write8
\openout8 = `DBPresentation_LukasStoeckli_ManuelRickli.nav'.

\tf@toc=\write9
\openout9 = `DBPresentation_LukasStoeckli_ManuelRickli.toc'.

\tf@snm=\write10
\openout10 = `DBPresentation_LukasStoeckli_ManuelRickli.snm'.

Package atveryend Info: Empty hook `BeforeClearDocument' on input line 378.
Package atveryend Info: Empty hook `AfterLastShipout' on input line 378.
 (./DBPresentation_LukasStoeckli_ManuelRickli.aux)
Package atveryend Info: Executing hook `AtVeryEndDocument' on input line 378.
Package atveryend Info: Executing hook `AtEndAfterFileList' on input line 378.
Package rerunfilecheck Info: File `DBPresentation_LukasStoeckli_ManuelRickli.ou
t' has not changed.
(rerunfilecheck)             Checksum: D41D8CD98F00B204E9800998ECF8427E;0.


LaTeX Font Warning: Some font shapes were not available, defaults substituted.


LaTeX Warning: There were undefined references.


Package biblatex Warning: Please (re)run Biber on the file:
(biblatex)                DBPresentation_LukasStoeckli_ManuelRickli
(biblatex)                and rerun LaTeX afterwards.

Package logreq Info: Writing requests to 'DBPresentation_LukasStoeckli_ManuelRi
ckli.run.xml'.
\openout1 = `DBPresentation_LukasStoeckli_ManuelRickli.run.xml'.

 ) 
Here is how much of TeX's memory you used:
 30730 strings out of 494830
 602353 string characters out of 6177366
 1011319 words of memory out of 5000000
 33406 multiletter control sequences out of 15000+600000
 10801 words of font info for 40 fonts, out of 8000000 for 9000
 36 hyphenation exceptions out of 8191
 58i,14n,71p,1166b,742s stack positions out of 5000i,500n,10000p,200000b,80000s
</usr/share/texlive/texmf-dist/fonts/type1/public/amsfonts/cm/cmmi6.pfb></usr
/share/texlive/texmf-dist/fonts/type1/public/amsfonts/cm/cmss10.pfb></usr/share
/texlive/texmf-dist/fonts/type1/public/amsfonts/cm/cmss12.pfb></usr/share/texli
ve/texmf-dist/fonts/type1/public/amsfonts/cm/cmss8.pfb>
Output written on DBPresentation_LukasStoeckli_ManuelRickli.pdf (17 pages, 1032
885 bytes).
PDF statistics:
 2391 PDF objects out of 2487 (max. 8388607)
 351 compressed objects within 4 object streams
 35 named destinations out of 1000 (max. 500000)
 263 words of extra memory for PDF output out of 10000 (max. 10000000)

